\BOOKMARK [-1][-]{part.1}{GAME BOOK}{}% 1
\BOOKMARK [0][-]{chapter.1}{FRONT MATTER}{part.1}% 2
\BOOKMARK [0][-]{section*.2}{Contents}{part.1}% 3
\BOOKMARK [0][-]{section*.3}{List of Tables}{part.1}% 4
\BOOKMARK [0][-]{section*.4}{List of Figures}{part.1}% 5
\BOOKMARK [0][-]{chapter*.5}{INTRODUCTION}{part.1}% 6
\BOOKMARK [1][-]{section.1.1}{The Game}{chapter*.5}% 7
\BOOKMARK [2][-]{section*.6}{Playing a Psychologist or Psychiatrist in the 1970s.}{section.1.1}% 8
\BOOKMARK [3][-]{section*.7}{Context: the role of Psychology and Psychiatry in American Political Life}{section*.6}% 9
\BOOKMARK [1][-]{section.1.2}{Prologue}{chapter*.5}% 10
\BOOKMARK [1][-]{section.1.3}{How to React}{chapter*.5}% 11
\BOOKMARK [1][-]{section.1.4}{Counterfactuals}{chapter*.5}% 12
\BOOKMARK [0][-]{chapter.2}{HISTORICAL BACKGROUND}{part.1}% 13
\BOOKMARK [1][-]{section.2.1}{Timeline}{chapter.2}% 14
\BOOKMARK [1][-]{section.2.2}{Narrative}{chapter.2}% 15
\BOOKMARK [2][-]{section*.8}{Brief history of the concept of `Psychology'}{section.2.2}% 16
\BOOKMARK [3][-]{section*.9}{Pre-history of Psychology: Empiricism about the Mind}{section*.8}% 17
\BOOKMARK [3][-]{section*.10}{Birth – German Physiological Psychology in the 1880s\2051890s.}{section*.8}% 18
\BOOKMARK [4][-]{section*.11}{Sensation and Perception: Fechner}{section*.10}% 19
\BOOKMARK [4][-]{section*.12}{Introspection: Wundt}{section*.10}% 20
\BOOKMARK [4][-]{section*.13}{Behavior: Pavlov}{section*.10}% 21
\BOOKMARK [3][-]{section*.14}{American Psychology: William James and the function of consciousness}{section*.8}% 22
\BOOKMARK [3][-]{section*.15}{Experimentalism: Ebbinghaus and the unreliability of introspection}{section*.8}% 23
\BOOKMARK [3][-]{section*.16}{The First Revolution: Behaviorism}{section*.8}% 24
\BOOKMARK [4][-]{section*.17}{Maturation of Behaviorism: Tolman and Hull}{section*.16}% 25
\BOOKMARK [4][-]{section*.18}{Radical Behaviorism: Skinner}{section*.16}% 26
\BOOKMARK [3][-]{section*.19}{Concurrent developments: Logic and Computing}{section*.8}% 27
\BOOKMARK [3][-]{section*.20}{The Second Revolution: Cognitive Science}{section*.8}% 28
\BOOKMARK [3][-]{section*.21}{Further Resources}{section*.8}% 29
\BOOKMARK [2][-]{section*.22}{Brief History of the Study of Homosexuality in America}{section.2.2}% 30
\BOOKMARK [3][-]{section*.23}{The Kinsey Report}{section*.22}% 31
\BOOKMARK [3][-]{section*.24}{Early `Homophile' movements}{section*.22}% 32
\BOOKMARK [3][-]{section*.25}{Connecting the dots: Evelyn Hooker}{section*.22}% 33
\BOOKMARK [3][-]{section*.26}{Stonewall: The street activists}{section*.22}% 34
\BOOKMARK [3][-]{section*.27}{Further Resources}{section*.22}% 35
\BOOKMARK [2][-]{section*.28}{Brief History of Linguistics}{section.2.2}% 36
\BOOKMARK [2][-]{section*.29}{History of classifications of mental illness}{section.2.2}% 37
\BOOKMARK [3][-]{section*.30}{Foundations}{section*.29}% 38
\BOOKMARK [4][-]{section*.31}{Foundation in Empiricism: Phillipe Pinel}{section*.30}% 39
\BOOKMARK [4][-]{section*.32}{Mental Alienation - Esquirol}{section*.30}% 40
\BOOKMARK [3][-]{section*.33}{Early Neurology}{section*.29}% 41
\BOOKMARK [4][-]{section*.34}{American Nervousness \204 George Beard}{section*.33}% 42
\BOOKMARK [4][-]{section*.35}{Early Neurology \204 Charcot}{section*.33}% 43
\BOOKMARK [3][-]{section*.36}{Rise of Psychoanalysis}{section*.29}% 44
\BOOKMARK [4][-]{section*.37}{Hysteria and Hypnosis: Freud \046 Breuer on Anna O.}{section*.36}% 45
\BOOKMARK [4][-]{section*.38}{Freud: The foundation of psychoanalysis}{section*.36}% 46
\BOOKMARK [4][-]{section*.39}{\043 Neurosis v. Psychosis}{section*.36}% 47
\BOOKMARK [4][-]{section*.40}{The Clark Lectures}{section*.36}% 48
\BOOKMARK [3][-]{section*.41}{The DSMs}{section*.29}% 49
\BOOKMARK [3][-]{section*.42}{The Rise of Psychopharmacology}{section*.29}% 50
\BOOKMARK [2][-]{section*.43}{Setting the stage for 1971}{section.2.2}% 51
\BOOKMARK [2][-]{section*.44}{References:}{section.2.2}% 52
\BOOKMARK [0][-]{chapter.3}{THE GAME}{part.1}% 53
\BOOKMARK [1][-]{section.3.1}{Major Issues in the Game}{chapter.3}% 54
\BOOKMARK [1][-]{section.3.2}{Rules and Procedures}{chapter.3}% 55
\BOOKMARK [2][-]{section*.45}{Basic Principles}{section.3.2}% 56
\BOOKMARK [3][-]{section*.46}{Reputation \046 Replication}{section*.45}% 57
\BOOKMARK [3][-]{section*.47}{The Responsibilities of the President}{section*.45}% 58
\BOOKMARK [2][-]{section*.48}{Victory Objectives}{section.3.2}% 59
\BOOKMARK [3][-]{section*.49}{Credibility Points and Voting[ Flesh out ]}{section*.48}% 60
\BOOKMARK [2][-]{section*.50}{Special Rules}{section.3.2}% 61
\BOOKMARK [3][-]{section*.51}{Writing Tasks}{section*.50}% 62
\BOOKMARK [3][-]{section*.52}{Proposals}{section*.50}% 63
\BOOKMARK [3][-]{section*.53}{Papers and Symposia}{section*.50}% 64
\BOOKMARK [3][-]{section*.54}{Research Grants}{section*.50}% 65
\BOOKMARK [3][-]{section*.55}{Reading aloud}{section*.50}% 66
\BOOKMARK [2][-]{section*.56}{Definitions used by the APA}{section.3.2}% 67
\BOOKMARK [3][-]{section*.57}{Definition of ``psychologist''}{section*.56}% 68
\BOOKMARK [3][-]{section*.58}{Definition of ``psychology''}{section*.56}% 69
\BOOKMARK [3][-]{section*.59}{Definition of “psychiatrist”}{section*.56}% 70
\BOOKMARK [2][-]{section*.60}{Call for Papers and Symposia}{section.3.2}% 71
\BOOKMARK [3][-]{section*.61}{Introduction}{section*.60}% 72
\BOOKMARK [3][-]{section*.62}{Kinds of Programs and Sessions}{section*.60}% 73
\BOOKMARK [3][-]{section*.63}{Who may participate}{section*.60}% 74
\BOOKMARK [4][-]{section*.64}{Volunteered Papers}{section*.63}% 75
\BOOKMARK [4][-]{section*.65}{A nonmember of the APA}{section*.63}% 76
\BOOKMARK [4][-]{section*.66}{Symposia and invited addresses}{section*.63}% 77
\BOOKMARK [3][-]{section*.67}{Limits of Individual Participation}{section*.60}% 78
\BOOKMARK [3][-]{section*.68}{Individual Reports}{section*.60}% 79
\BOOKMARK [4][-]{section*.69}{Research Reports}{section*.68}% 80
\BOOKMARK [4][-]{section*.70}{Other individual reports}{section*.68}% 81
\BOOKMARK [4][-]{section*.71}{Form of abstracts and summaries}{section*.68}% 82
\BOOKMARK [4][-]{section*.72}{\043 The 100-word abstract}{section*.68}% 83
\BOOKMARK [4][-]{section*.73}{\043 The 300-word summary}{section*.68}% 84
\BOOKMARK [4][-]{section*.74}{Where to send abstracts and summaries}{section*.68}% 85
\BOOKMARK [3][-]{section*.75}{Symposia}{section*.60}% 86
\BOOKMARK [4][-]{section*.76}{Initiation of symposia}{section*.75}% 87
\BOOKMARK [4][-]{section*.77}{Form of symposium proposals}{section*.75}% 88
\BOOKMARK [4][-]{section*.78}{\043 Suggestions to the Program Committee}{section*.75}% 89
\BOOKMARK [4][-]{section*.79}{\043 Member-Organized symposia}{section*.75}% 90
\BOOKMARK [4][-]{section*.80}{\043 Symposia organized by the Program Committee}{section*.75}% 91
\BOOKMARK [3][-]{section*.81}{Special Programs}{section*.60}% 92
\BOOKMARK [3][-]{section*.82}{Miscellaneous Meetings and Special Sessions}{section*.60}% 93
\BOOKMARK [3][-]{section*.83}{Audio-Visual Presentations}{section*.60}% 94
\BOOKMARK [3][-]{section*.84}{Exhibits}{section*.60}% 95
\BOOKMARK [2][-]{section*.85}{Call for Research Grants}{section.3.2}% 96
\BOOKMARK [3][-]{section*.86}{Introduction}{section*.85}% 97
\BOOKMARK [3][-]{section*.87}{Research Supported}{section*.85}% 98
\BOOKMARK [3][-]{section*.88}{Who May Submit Proposals}{section*.85}% 99
\BOOKMARK [4][-]{section*.89}{Members of the APA}{section*.88}% 100
\BOOKMARK [4][-]{section*.90}{Nonmembers of the APA}{section*.88}% 101
\BOOKMARK [4][-]{section*.91}{Confederates, Observers and Assistants}{section*.88}% 102
\BOOKMARK [3][-]{section*.92}{Limitations of Participation}{section*.85}% 103
\BOOKMARK [3][-]{section*.93}{Form of the Proposal}{section*.85}% 104
\BOOKMARK [4][-]{section*.94}{Introduction}{section*.93}% 105
\BOOKMARK [4][-]{section*.95}{Background /Review}{section*.93}% 106
\BOOKMARK [4][-]{section*.96}{Rationale}{section*.93}% 107
\BOOKMARK [4][-]{section*.97}{Method and Design}{section*.93}% 108
\BOOKMARK [4][-]{section*.98}{Significance and Contribution}{section*.93}% 109
\BOOKMARK [4][-]{section*.99}{References}{section*.93}% 110
\BOOKMARK [4][-]{section*.100}{Where to send your proposal}{section*.93}% 111
\BOOKMARK [3][-]{section*.101}{Reports}{section*.85}% 112
\BOOKMARK [1][-]{section.3.3}{Basic outline of the game}{chapter.3}% 113
\BOOKMARK [2][-]{section*.102}{Outline of Game Sessions}{section.3.3}% 114
\BOOKMARK [2][-]{section*.103}{Committee structure}{section.3.3}% 115
\BOOKMARK [3][-]{section*.104}{Responsibilities of the Board of Directors:}{section*.103}% 116
\BOOKMARK [3][-]{section*.105}{Standing Committees}{section*.103}% 117
\BOOKMARK [4][-]{section*.106}{Research Committee}{section*.105}% 118
\BOOKMARK [4][-]{section*.107}{Nomenclature Committee}{section*.105}% 119
\BOOKMARK [4][-]{section*.108}{Program Committee}{section*.105}% 120
\BOOKMARK [4][-]{section*.109}{\043 Generic Schedule}{section*.105}% 121
\BOOKMARK [2][-]{section*.110}{Elections}{section.3.3}% 122
\BOOKMARK [0][-]{chapter.4}{ROLES AND FACTIONS}{part.1}% 123
\BOOKMARK [1][-]{section.4.1}{Main Factions}{chapter.4}% 124
\BOOKMARK [2][-]{section*.111}{Psychoanalysts}{section.4.1}% 125
\BOOKMARK [3][-]{section*.112}{Classical}{section*.111}% 126
\BOOKMARK [4][-]{section*.113}{\043 Psychoanalytic Treatment.}{section*.112}% 127
\BOOKMARK [4][-]{section*.114}{\043 Adler}{section*.112}% 128
\BOOKMARK [4][-]{section*.115}{\043 Jung}{section*.112}% 129
\BOOKMARK [3][-]{section*.116}{For Further reading:}{section*.111}% 130
\BOOKMARK [4][-]{section*.117}{Primary Sources:}{section*.116}% 131
\BOOKMARK [4][-]{section*.118}{Secondary Sources:}{section*.116}% 132
\BOOKMARK [2][-]{section*.119}{Behaviorists}{section.4.1}% 133
\BOOKMARK [3][-]{section*.120}{Learning}{section*.119}% 134
\BOOKMARK [4][-]{section*.121}{Behaviorism as a treatment in psychiatry}{section*.120}% 135
\BOOKMARK [3][-]{section*.122}{Further Reading:}{section*.119}% 136
\BOOKMARK [4][-]{section*.123}{Primary Sources:}{section*.122}% 137
\BOOKMARK [4][-]{section*.124}{Secondary Sources:}{section*.122}% 138
\BOOKMARK [2][-]{section*.125}{Cognitivists}{section.4.1}% 139
\BOOKMARK [3][-]{section*.126}{Further Reading}{section*.125}% 140
\BOOKMARK [4][-]{section*.127}{Primary Sources:}{section*.126}% 141
\BOOKMARK [4][-]{section*.128}{Secondary Sources:}{section*.126}% 142
\BOOKMARK [1][-]{section.4.2}{Brief Sketch of the Game Characters}{chapter.4}% 143
\BOOKMARK [2][-]{section*.129}{Psychoanalysts}{section.4.2}% 144
\BOOKMARK [3][-]{section*.130}{Richard Green, MD Professor of Psychology, UCLA*}{section*.129}% 145
\BOOKMARK [3][-]{section*.131}{Robert Hopcke Psychotherapist, San Francisco, CA \(Jungian\)*}{section*.129}% 146
\BOOKMARK [3][-]{section*.132}{Harold Lief, MD Professor of Psychiatry at the University of Pennsylvania \(Jungian\)*}{section*.129}% 147
\BOOKMARK [3][-]{section*.133}{Judd Marmor, MD Psychiatrist, Hollywood, CA \(Freudian\)}{section*.129}% 148
\BOOKMARK [3][-]{section*.134}{Charles W. Socarides, MD Professor of Psychiatry, Columbia University and/or Irving Bieber, MD Professor of Psychiatry, NYU Medical College \(Freudian\)}{section*.129}% 149
\BOOKMARK [3][-]{section*.135}{John P. Spiegel, MD Director, Lemberg Center for the Study of Violence, Brandeis University}{section*.129}% 150
\BOOKMARK [2][-]{section*.136}{Behaviorists}{section.4.2}% 151
\BOOKMARK [3][-]{section*.137}{Albert Bandura, PhD Professor of Psychology, Stanford}{section*.136}% 152
\BOOKMARK [3][-]{section*.138}{Harry Harlow, PhD Professor of Psychology, University of Wisconsin}{section*.136}% 153
\BOOKMARK [3][-]{section*.139}{Evelyn Hooker, PhD Emeritus Professor of Psychology, UCLA}{section*.136}% 154
\BOOKMARK [2][-]{section*.140}{Cognitivists}{section.4.2}% 155
\BOOKMARK [3][-]{section*.141}{Noam Chomsky, PhD Professor of Linguistics, MIT}{section*.140}% 156
\BOOKMARK [3][-]{section*.142}{George Miller, PhD Professor of Psychology, Harvard}{section*.140}% 157
\BOOKMARK [3][-]{section*.143}{David Marr, ABD Graduate Student, MIT*}{section*.140}% 158
\BOOKMARK [2][-]{section*.144}{Independents}{section.4.2}% 159
\BOOKMARK [3][-]{section*.145}{George W. Albee, PhD Professor of Psychology, University of Vermont \(Psychologist\)}{section*.144}% 160
\BOOKMARK [3][-]{section*.146}{Anne Anastasi, PhD Professor of Psychology, Fordham University \(Psychologist\)}{section*.144}% 161
\BOOKMARK [3][-]{section*.147}{Kenneth Clark, PhD Professor of Psychology, CCNY \(psychologist\)}{section*.144}% 162
\BOOKMARK [3][-]{section*.148}{D Fordney-Settlage, MD Assistant Professor, Obstetrics and Gynecology Division of Reproductive Biology at the Los Angeles County-USC Medical Center., \(gynecologist\)*}{section*.144}% 163
\BOOKMARK [3][-]{section*.149}{John Fryer, MD Professor of Psychiatry, Temple University \(psychiatrist\)}{section*.144}% 164
\BOOKMARK [3][-]{section*.150}{Paul Gebhard, PhD Director of the Kinsey Institute, Professor of Anthropology, Indiana University \(Anthropologist\)}{section*.144}% 165
\BOOKMARK [3][-]{section*.151}{Ron Gold Journalist for Variety \(Journalist\)*}{section*.144}% 166
\BOOKMARK [3][-]{section*.152}{Frank Kameny and/or Barbara Gittings \(Activists\)*}{section*.144}% 167
\BOOKMARK [3][-]{section*.153}{Stanley Milgram, PhD Director, Graduate Program in Social Psychology, CUNY \(Social psychologist\)*}{section*.144}% 168
\BOOKMARK [3][-]{section*.154}{Jean Piaget, PhD Director of the International Center for Genetic Epistemology in Geneva, Switzerland \(Developmental psychologist\)*}{section*.144}% 169
\BOOKMARK [3][-]{section*.155}{Robert Spitzer, MD Researcher at Columbia Center for Psychoanalytic Training and Research \(Psychiatrist\)}{section*.144}% 170
\BOOKMARK [3][-]{section*.156}{Thomas Szasz, MD Professor of Psychiatry, State Hospital of New York at Syracuse \(Psychiatrist\)}{section*.144}% 171
\BOOKMARK [3][-]{section*.157}{Leona Tyler, PhD Emeritus Dean and Professor of Psychology, University of Oregon, \(Psychologist\)}{section*.144}% 172
\BOOKMARK [3][-]{section*.158}{Philip Zimbardo, PhD Professor of Social Psychology at Stanford \(Social psychologist\)*}{section*.144}% 173
\BOOKMARK [1][-]{section.4.3}{Things you should know}{chapter.4}% 174
\BOOKMARK [2][-]{section*.159}{Basic scientific research}{section.4.3}% 175
\BOOKMARK [2][-]{section*.160}{Ethics of human research}{section.4.3}% 176
\BOOKMARK [3][-]{section*.161}{The Nuremberg Code}{section*.160}% 177
\BOOKMARK [3][-]{section*.162}{The Declaration of Helsinki}{section*.160}% 178
\BOOKMARK [3][-]{section*.163}{The APA Ethical Standards for Psychologists}{section*.160}% 179
\BOOKMARK [3][-]{section*.164}{Further reading:}{section*.160}% 180
\BOOKMARK [0][-]{chapter.5}{CORE TEXTS}{part.1}% 181
\BOOKMARK [0][-]{chapter.6}{SELECTED BIBLIOGRAPHY}{part.1}% 182
\BOOKMARK [0][-]{chapter.7}{ACKNOLWEDGMENTS}{part.1}% 183
\BOOKMARK [0][-]{chapter.8}{SUPPLEMENTAL DOCUMENTS}{part.1}% 184
\BOOKMARK [0][-]{chapter.A}{Pinel, Philippe. “A Treatise on Insanity”, 1806}{part.1}% 185
\BOOKMARK [1][-]{section.A.1}{Kraft-Ebing, Ricard von. ``Psychopathie Sexualis'', 1894}{chapter.A}% 186
\BOOKMARK [1][-]{section.A.2}{Excerpt 1}{chapter.A}% 187
\BOOKMARK [1][-]{section.A.3}{Excerpt 1}{chapter.A}% 188
\BOOKMARK [1][-]{section.A.4}{Excerpt 3}{chapter.A}% 189
\BOOKMARK [0][-]{chapter.B}{Freud, Sigmund “The psychogenesis of a case of homosexuality in a woman” \(1920\)}{part.1}% 190
\BOOKMARK [0][-]{chapter.C}{Skinner, B. F. “A Critique of Psychoanalytic Concepts and Theories” 1954}{part.1}% 191
\BOOKMARK [0][-]{chapter.D}{Chomsky, N. “Review of Verbal Behaviour by B.F. Skinner” 1959}{part.1}% 192
\BOOKMARK [0][-]{chapter.E}{APA “Ethical Standards of Psychologists,” 1968}{part.1}% 193
\BOOKMARK [0][-]{chapter.F}{APA Diagnostic and Statistical Manual II, 1968}{part.1}% 194
\BOOKMARK [0][-]{chapter.G}{Socarides, S. “Homosexuality and Medicine”, 1968}{part.1}% 195
\BOOKMARK [-1][-]{part.2}{INSTRUCTOR'S MANUAL}{}% 196
\BOOKMARK [0][-]{chapter.9}{INTRODUCTION}{part.2}% 197
\BOOKMARK [1][-]{section.9.1}{Game synopsis}{chapter.9}% 198
\BOOKMARK [1][-]{section.9.2}{Major Events}{chapter.9}% 199
\BOOKMARK [2][-]{section*.166}{Declassification}{section.9.2}% 200
\BOOKMARK [2][-]{section*.167}{DSM-III}{section.9.2}% 201
\BOOKMARK [2][-]{section*.168}{Fission}{section.9.2}% 202
\BOOKMARK [1][-]{section.9.3}{Overview of the conceptual issues at stake}{chapter.9}% 203
\BOOKMARK [1][-]{section.9.4}{Textbooks: A}{chapter.9}% 204
\BOOKMARK [1][-]{section.9.5}{Philosophy of Science}{chapter.9}% 205
\BOOKMARK [0][-]{chapter.10}{MODEL SCHEDULES}{part.2}% 206
\BOOKMARK [0][-]{chapter.11}{ROLES}{part.2}% 207
\BOOKMARK [1][-]{section.11.1}{List of roles and factions}{chapter.11}% 208
\BOOKMARK [2][-]{section*.169}{Factions}{section.11.1}% 209
\BOOKMARK [2][-]{section*.170}{Players}{section.11.1}% 210
\BOOKMARK [3][-]{section*.171}{Cast of 16}{section*.170}% 211
\BOOKMARK [3][-]{section*.172}{Cast of 26}{section*.170}% 212
\BOOKMARK [0][-]{chapter.12}{GAME SETUP}{part.2}% 213
\BOOKMARK [1][-]{section.12.1}{Rules and Procedures}{chapter.12}% 214
\BOOKMARK [2][-]{section*.173}{Victory Objectives}{section.12.1}% 215
\BOOKMARK [2][-]{section*.174}{Voting}{section.12.1}% 216
\BOOKMARK [2][-]{section*.175}{DSMIII}{section.12.1}% 217
\BOOKMARK [2][-]{section*.176}{Conference Schedule for 1971}{section.12.1}% 218
\BOOKMARK [1][-]{section.12.2}{Sample rubrics for grading}{chapter.12}% 219
\BOOKMARK [2][-]{section*.177}{Writing}{section.12.2}% 220
\BOOKMARK [2][-]{section*.178}{Speaking}{section.12.2}% 221
\BOOKMARK [0][-]{chapter.13}{MANAGING THE GAME}{part.2}% 222
\BOOKMARK [1][-]{section.13.1}{Items you might need}{chapter.13}% 223
\BOOKMARK [1][-]{section.13.2}{Learning Objectives}{chapter.13}% 224
\BOOKMARK [1][-]{section.13.3}{Written assignments}{chapter.13}% 225
\BOOKMARK [2][-]{section*.179}{RESEARCH COMMITTEE PROPOSALS}{section.13.3}% 226
\BOOKMARK [2][-]{section*.180}{Emotional responses in a human child.}{section.13.3}% 227
\BOOKMARK [3][-]{section*.181}{Background:}{section*.180}% 228
\BOOKMARK [3][-]{section*.182}{Rationale:}{section*.180}% 229
\BOOKMARK [3][-]{section*.183}{Experimental Design:}{section*.180}% 230
\BOOKMARK [3][-]{section*.184}{Significance and Contribution}{section*.180}% 231
\BOOKMARK [3][-]{section*.185}{References}{section*.180}% 232
\BOOKMARK [2][-]{section*.186}{Mental rotation of three-dimensional objects}{section.13.3}% 233
\BOOKMARK [3][-]{section*.187}{Background:}{section*.186}% 234
\BOOKMARK [3][-]{section*.188}{Rationale:}{section*.186}% 235
\BOOKMARK [3][-]{section*.189}{Experimental Design:}{section*.186}% 236
\BOOKMARK [3][-]{section*.190}{Significance and Contribution}{section*.186}% 237
\BOOKMARK [2][-]{section*.191}{On Being Sane in Insane Places}{section.13.3}% 238
\BOOKMARK [3][-]{section*.192}{Background}{section*.191}% 239
\BOOKMARK [3][-]{section*.193}{Rationale}{section*.191}% 240
\BOOKMARK [3][-]{section*.194}{Experimental Design}{section*.191}% 241
\BOOKMARK [3][-]{section*.195}{Significance and Contributions}{section*.191}% 242
\BOOKMARK [3][-]{section*.196}{Works Cited}{section*.191}% 243
\BOOKMARK [2][-]{section*.197}{Adjustment of Homosexual and Heterosexual Women}{section.13.3}% 244
\BOOKMARK [3][-]{section*.198}{Rationale}{section*.197}% 245
\BOOKMARK [3][-]{section*.199}{Experimental Design}{section*.197}% 246
\BOOKMARK [3][-]{section*.200}{Significance and Contribution}{section*.197}% 247
\BOOKMARK [3][-]{section*.201}{Works Cited.}{section*.197}% 248
\BOOKMARK [2][-]{section*.202}{A Re-analysis of the Reliability of Psychiatric Diagnosis}{section.13.3}% 249
\BOOKMARK [3][-]{section*.203}{Introduction}{section*.202}% 250
\BOOKMARK [3][-]{section*.204}{Background}{section*.202}% 251
\BOOKMARK [3][-]{section*.205}{Rationale}{section*.202}% 252
\BOOKMARK [3][-]{section*.206}{Experimental Design}{section*.202}% 253
\BOOKMARK [3][-]{section*.207}{Significance and Contributions}{section*.202}% 254
\BOOKMARK [3][-]{section*.208}{Works Cited}{section*.202}% 255
\BOOKMARK [2][-]{section*.209}{Interpersonal Dynamics in a Simulated Prison}{section.13.3}% 256
\BOOKMARK [3][-]{section*.210}{Background}{section*.209}% 257
\BOOKMARK [3][-]{section*.211}{Rationale}{section*.209}% 258
\BOOKMARK [3][-]{section*.212}{Experimental Design}{section*.209}% 259
\BOOKMARK [3][-]{section*.213}{Significance and Contributions}{section*.209}% 260
\BOOKMARK [3][-]{section*.214}{Works Cited}{section*.209}% 261
\BOOKMARK [1][-]{section.13.4}{Managing Discussion}{chapter.13}% 262
\BOOKMARK [1][-]{section.13.5}{Interventions}{chapter.13}% 263
\BOOKMARK [0][-]{chapter.14}{DEBRIEFING}{part.2}% 264
\BOOKMARK [1][-]{section.14.1}{Exiting the game}{chapter.14}% 265
\BOOKMARK [1][-]{section.14.2}{What really happened}{chapter.14}% 266
\BOOKMARK [2][-]{section*.215}{Actual presidents:}{section.14.2}% 267
\BOOKMARK [2][-]{section*.216}{Actual history}{section.14.2}% 268
\BOOKMARK [3][-]{section*.217}{Little Albert}{section*.216}% 269
\BOOKMARK [3][-]{section*.218}{Socarides \046 Bieber}{section*.216}% 270
\BOOKMARK [3][-]{section*.219}{Leona Tyler Principle /Goldwater Rule}{section*.216}% 271
\BOOKMARK [3][-]{section*.220}{Marr}{section*.216}% 272
\BOOKMARK [3][-]{section*.221}{Declassification}{section*.216}% 273
\BOOKMARK [3][-]{section*.222}{Spitzer Task force}{section*.216}% 274
\BOOKMARK [3][-]{section*.223}{Averson Therapy}{section*.216}% 275
\BOOKMARK [3][-]{section*.224}{Reparative therapy}{section*.216}% 276
\BOOKMARK [3][-]{section*.225}{Evelyn Hooker}{section*.216}% 277
\BOOKMARK [1][-]{section.14.3}{After this era}{chapter.14}% 278
\BOOKMARK [2][-]{section*.226}{The DSM-V Controversy}{section.14.3}% 279
\BOOKMARK [0][-]{chapter.15}{ANNOTATED BIBLIOGRAPHY}{part.2}% 280
\BOOKMARK [0][-]{chapter.16}{Further Reading}{part.2}% 281
\BOOKMARK [1][-]{section.16.1}{DSM-III}{chapter.16}% 282
\BOOKMARK [1][-]{section.16.2}{Obituaries and Tributes}{chapter.16}% 283
\BOOKMARK [2][-]{section*.227}{Anne Anastasi}{section.16.2}% 284
\BOOKMARK [2][-]{section*.228}{George Albee}{section.16.2}% 285
\BOOKMARK [2][-]{section*.229}{Irving Bieber}{section.16.2}% 286
\BOOKMARK [2][-]{section*.230}{Kenneth Clark}{section.16.2}% 287
\BOOKMARK [2][-]{section*.231}{John Fryer}{section.16.2}% 288
\BOOKMARK [2][-]{section*.232}{Barbara Gittings}{section.16.2}% 289
\BOOKMARK [2][-]{section*.233}{Harry Harlow}{section.16.2}% 290
\BOOKMARK [2][-]{section*.234}{Harold Lief}{section.16.2}% 291
\BOOKMARK [2][-]{section*.235}{Charles Socarides}{section.16.2}% 292
\BOOKMARK [2][-]{section*.236}{John P. Spiegel}{section.16.2}% 293
\BOOKMARK [1][-]{section.16.3}{Citations not explicitly mentioned previously}{chapter.16}% 294
\BOOKMARK [-1][-]{part.3}{ROLE SHEETS}{}% 295
\BOOKMARK [0][-]{chapter.17}{George W. Albee, PhD}{part.3}% 296
\BOOKMARK [1][-]{section.17.1}{Your Biography}{chapter.17}% 297
\BOOKMARK [1][-]{section.17.2}{Game Objectives}{chapter.17}% 298
\BOOKMARK [2][-]{section*.238}{Specific Assignment}{section.17.2}% 299
\BOOKMARK [1][-]{section.17.3}{Game Note:}{chapter.17}% 300
\BOOKMARK [1][-]{section.17.4}{Must Read:}{chapter.17}% 301
\BOOKMARK [2][-]{section*.239}{Other Relevant Work:}{section.17.4}% 302
\BOOKMARK [0][-]{chapter.18}{Anne Anastasi, PhD}{part.3}% 303
\BOOKMARK [1][-]{section.18.1}{Your Biography}{chapter.18}% 304
\BOOKMARK [1][-]{section.18.2}{Game Objectives}{chapter.18}% 305
\BOOKMARK [2][-]{section*.240}{Specific Assignments}{section.18.2}% 306
\BOOKMARK [1][-]{section.18.3}{Must Read}{chapter.18}% 307
\BOOKMARK [2][-]{section*.241}{Secondary Sources}{section.18.3}% 308
\BOOKMARK [0][-]{chapter.19}{Kenneth Clark, PhD}{part.3}% 309
\BOOKMARK [1][-]{section.19.1}{Your Biography}{chapter.19}% 310
\BOOKMARK [1][-]{section.19.2}{Game Objectives}{chapter.19}% 311
\BOOKMARK [2][-]{section*.242}{Specific Assignments}{section.19.2}% 312
\BOOKMARK [1][-]{section.19.3}{Must Read}{chapter.19}% 313
\BOOKMARK [2][-]{section*.243}{Further Reading}{section.19.3}% 314
\BOOKMARK [0][-]{chapter.20}{D. Fordney Settlage, MD}{part.3}% 315
\BOOKMARK [1][-]{section.20.1}{Your Biography}{chapter.20}% 316
\BOOKMARK [1][-]{section.20.2}{Game Objectives}{chapter.20}% 317
\BOOKMARK [2][-]{section*.244}{Specific Assignments}{section.20.2}% 318
\BOOKMARK [1][-]{section.20.3}{Must Read}{chapter.20}% 319
\BOOKMARK [2][-]{section*.245}{Secondary Sources}{section.20.3}% 320
\BOOKMARK [0][-]{chapter.21}{John Fryer, MD}{part.3}% 321
\BOOKMARK [1][-]{section.21.1}{Biography}{chapter.21}% 322
\BOOKMARK [1][-]{section.21.2}{Game Objectives}{chapter.21}% 323
\BOOKMARK [1][-]{section.21.3}{Must Read}{chapter.21}% 324
\BOOKMARK [2][-]{section*.246}{Secondary Sources}{section.21.3}% 325
\BOOKMARK [0][-]{chapter.22}{Frank Kameny and/or Barbara Gittings, Activists}{part.3}% 326
\BOOKMARK [1][-]{section.22.1}{Frank Kameny Biography}{chapter.22}% 327
\BOOKMARK [1][-]{section.22.2}{Barbara Gittings Biography}{chapter.22}% 328
\BOOKMARK [1][-]{section.22.3}{Game Objectives}{chapter.22}% 329
\BOOKMARK [2][-]{section*.247}{Specific Assignments}{section.22.3}% 330
\BOOKMARK [1][-]{section.22.4}{Must Read}{chapter.22}% 331
\BOOKMARK [2][-]{section*.248}{Secondary Sources}{section.22.4}% 332
\BOOKMARK [0][-]{chapter.23}{Frank Kameny and/or Barbara Gittings, Activists}{part.3}% 333
\BOOKMARK [1][-]{section.23.1}{Frank Kameny Biography}{chapter.23}% 334
\BOOKMARK [1][-]{section.23.2}{Barbara Gittings Biography}{chapter.23}% 335
\BOOKMARK [1][-]{section.23.3}{Game Objectives}{chapter.23}% 336
\BOOKMARK [2][-]{section*.249}{Specific Assignments}{section.23.3}% 337
\BOOKMARK [1][-]{section.23.4}{Must Read}{chapter.23}% 338
\BOOKMARK [2][-]{section*.250}{Secondary Sources}{section.23.4}% 339
\BOOKMARK [0][-]{chapter.24}{Stanley Milgram, PhD}{part.3}% 340
\BOOKMARK [1][-]{section.24.1}{Your Biography}{chapter.24}% 341
\BOOKMARK [1][-]{section.24.2}{Game Objectives}{chapter.24}% 342
\BOOKMARK [2][-]{section*.251}{Specific Assignments}{section.24.2}% 343
\BOOKMARK [1][-]{section.24.3}{Must Read}{chapter.24}% 344
\BOOKMARK [2][-]{section*.252}{Secondary Sources}{section.24.3}% 345
\BOOKMARK [0][-]{chapter.25}{Jean Piaget, PhD}{part.3}% 346
\BOOKMARK [1][-]{section.25.1}{Your Biography}{chapter.25}% 347
\BOOKMARK [1][-]{section.25.2}{Game Objectives}{chapter.25}% 348
\BOOKMARK [1][-]{section.25.3}{Must Read}{chapter.25}% 349
\BOOKMARK [2][-]{section*.253}{Secondary Source}{section.25.3}% 350
\BOOKMARK [0][-]{chapter.26}{Leona Tyler, PhD}{part.3}% 351
\BOOKMARK [1][-]{section.26.1}{Your Biography}{chapter.26}% 352
\BOOKMARK [1][-]{section.26.2}{Game Objectives}{chapter.26}% 353
\BOOKMARK [2][-]{section*.254}{Specific Assignments}{section.26.2}% 354
\BOOKMARK [1][-]{section.26.3}{Must Read}{chapter.26}% 355
\BOOKMARK [2][-]{section*.255}{Secondary Sources}{section.26.3}% 356
\BOOKMARK [0][-]{chapter.27}{Robert Spitzer, MD}{part.3}% 357
\BOOKMARK [1][-]{section.27.1}{Your Biography}{chapter.27}% 358
\BOOKMARK [1][-]{section.27.2}{Game Objectives}{chapter.27}% 359
\BOOKMARK [2][-]{section*.256}{Declassification: 1971\2051973}{section.27.2}% 360
\BOOKMARK [2][-]{section*.257}{Task Force: 1973\2051975}{section.27.2}% 361
\BOOKMARK [3][-]{section*.258}{Proposed Study}{section*.257}% 362
\BOOKMARK [3][-]{section*.259}{Defining `Mental Illness'}{section*.257}% 363
\BOOKMARK [3][-]{section*.260}{Summary}{section*.257}% 364
\BOOKMARK [2][-]{section*.261}{Specific Assignments:}{section.27.2}% 365
\BOOKMARK [1][-]{section.27.3}{Must Read}{chapter.27}% 366
\BOOKMARK [2][-]{section*.262}{Secondary Sources}{section.27.3}% 367
\BOOKMARK [0][-]{chapter.28}{Thomas S. Szasz, MD}{part.3}% 368
\BOOKMARK [1][-]{section.28.1}{Your Biography}{chapter.28}% 369
\BOOKMARK [1][-]{section.28.2}{Victory Objectives}{chapter.28}% 370
\BOOKMARK [2][-]{section*.263}{Game Strategy}{section.28.2}% 371
\BOOKMARK [1][-]{section.28.3}{Specific Assignments}{chapter.28}% 372
\BOOKMARK [1][-]{section.28.4}{Must Read}{chapter.28}% 373
\BOOKMARK [2][-]{section*.264}{Secondary Sources}{section.28.4}% 374
\BOOKMARK [0][-]{chapter.29}{Robert Hopcke, MD}{part.3}% 375
\BOOKMARK [1][-]{section.29.1}{Your Biography}{chapter.29}% 376
\BOOKMARK [1][-]{section.29.2}{Game Objectives}{chapter.29}% 377
\BOOKMARK [1][-]{section.29.3}{Must Read}{chapter.29}% 378
\BOOKMARK [2][-]{section*.265}{Secondary Sources}{section.29.3}% 379
\BOOKMARK [0][-]{chapter.30}{Charles Socarides, MD}{part.3}% 380
\BOOKMARK [1][-]{section.30.1}{Your Biography}{chapter.30}% 381
\BOOKMARK [2][-]{section*.266}{Charles Socarides' Biography}{section.30.1}% 382
\BOOKMARK [2][-]{section*.267}{Irving Bieber's Biography}{section.30.1}% 383
\BOOKMARK [1][-]{section.30.2}{Your View}{chapter.30}% 384
\BOOKMARK [1][-]{section.30.3}{Game Objectives}{chapter.30}% 385
\BOOKMARK [2][-]{section*.268}{Specific Assignments}{section.30.3}% 386
\BOOKMARK [1][-]{section.30.4}{Must Read}{chapter.30}% 387
\BOOKMARK [0][-]{chapter.31}{Irving Bieber, MD}{part.3}% 388
\BOOKMARK [1][-]{section.31.1}{Your Biography}{chapter.31}% 389
\BOOKMARK [2][-]{section*.269}{Irving Bieber's Biography}{section.31.1}% 390
\BOOKMARK [1][-]{section.31.2}{Game Objectives}{chapter.31}% 391
\BOOKMARK [2][-]{section*.270}{Specific Assignments}{section.31.2}% 392
\BOOKMARK [1][-]{section.31.3}{Must Read}{chapter.31}% 393
\BOOKMARK [0][-]{chapter.32}{Judd Marmor, MD}{part.3}% 394
\BOOKMARK [1][-]{section.32.1}{Your Biography}{chapter.32}% 395
\BOOKMARK [1][-]{section.32.2}{Game Objectives}{chapter.32}% 396
\BOOKMARK [2][-]{section*.271}{Specific assignments}{section.32.2}% 397
\BOOKMARK [1][-]{section.32.3}{Must Read}{chapter.32}% 398
\BOOKMARK [2][-]{section*.272}{Secondary Sources}{section.32.3}% 399
\BOOKMARK [0][-]{chapter.33}{Evelyn Hooker, PhD}{part.3}% 400
\BOOKMARK [1][-]{section.33.1}{Your Biography}{chapter.33}% 401
\BOOKMARK [1][-]{section.33.2}{Game Objectives}{chapter.33}% 402
\BOOKMARK [2][-]{section*.273}{Specific Assignments}{section.33.2}% 403
\BOOKMARK [1][-]{section.33.3}{Must Read}{chapter.33}% 404
\BOOKMARK [2][-]{section*.274}{Secondary Sources}{section.33.3}% 405
