\BOOKMARK [-1][-]{part.1}{\376\377\000I\000\040\000G\000a\000m\000e\000\040\000B\000o\000o\000k}{}% 1
\BOOKMARK [0][-]{chapter*.4}{\376\377\000T\000h\000e\000\040\000G\000a\000m\000e}{part.1}% 2
\BOOKMARK [1][-]{section*.5}{\376\377\000P\000l\000a\000y\000i\000n\000g\000\040\000a\000\040\000P\000s\000y\000c\000h\000o\000l\000o\000g\000i\000s\000t\000\040\000o\000r\000\040\000P\000s\000y\000c\000h\000i\000a\000t\000r\000i\000s\000t\000\040\000i\000n\000\040\000t\000h\000e\000\040\0001\0009\0007\0000\000s\000.}{chapter*.4}% 3
\BOOKMARK [1][-]{section*.7}{\376\377\000P\000r\000o\000l\000o\000g\000u\000e}{chapter*.4}% 4
\BOOKMARK [1][-]{section*.8}{\376\377\000C\000o\000u\000n\000t\000e\000r\000f\000a\000c\000t\000u\000a\000l\000s}{chapter*.4}% 5
\BOOKMARK [1][-]{section*.9}{\376\377\000T\000i\000m\000e\000l\000i\000n\000e\000\040\000o\000f\000\040\000e\000v\000e\000n\000t\000s\000\040\000r\000e\000l\000e\000v\000a\000n\000t\000\040\000t\000o\000\040\000g\000a\000m\000e\000\040\000p\000l\000a\000y}{chapter*.4}% 6
\BOOKMARK [1][-]{section*.48}{\376\377\000M\000a\000j\000o\000r\000\040\000I\000s\000s\000u\000e\000s\000\040\000i\000n\000\040\000t\000h\000e\000\040\000G\000a\000m\000e}{chapter*.4}% 7
\BOOKMARK [1][-]{section*.129}{\376\377\000B\000r\000i\000e\000f\000\040\000S\000k\000e\000t\000c\000h\000\040\000o\000f\000\040\000t\000h\000e\000\040\000G\000a\000m\000e\000\040\000C\000h\000a\000r\000a\000c\000t\000e\000r\000s}{chapter*.4}% 8
\BOOKMARK [0][-]{Appendix*.166}{\376\377\000P\000i\000n\000e\000l\000,\000\040\000P\000h\000i\000l\000i\000p\000p\000e\000.\000\040\000`\000`\000A\000\040\000T\000r\000e\000a\000t\000i\000s\000e\000\040\000o\000n\000\040\000I\000n\000s\000a\000n\000i\000t\000y\000'\000'\000,\000\040\0001\0008\0000\0006}{part.1}% 9
\BOOKMARK [1][-]{section*.167}{\376\377\000E\000x\000c\000e\000r\000p\000t\000\040\0001}{Appendix*.166}% 10
\BOOKMARK [1][-]{section*.168}{\376\377\000E\000x\000c\000e\000r\000p\000t\000\040\0001}{Appendix*.166}% 11
\BOOKMARK [1][-]{section*.169}{\376\377\000E\000x\000c\000e\000r\000p\000t\000\040\0003}{Appendix*.166}% 12
\BOOKMARK [0][-]{Appendix*.170}{\376\377\000F\000r\000e\000u\000d\000,\000\040\000S\000i\000g\000m\000u\000n\000d\000\040\000`\000`\000T\000h\000e\000\040\000p\000s\000y\000c\000h\000o\000g\000e\000n\000e\000s\000i\000s\000\040\000o\000f\000\040\000a\000\040\000c\000a\000s\000e\000\040\000o\000f\000\040\000h\000o\000m\000o\000s\000e\000x\000u\000a\000l\000i\000t\000y\000\040\000i\000n\000\040\000a\000\040\000w\000o\000m\000a\000n\000'\000'\000\040\000\050\0001\0009\0002\0000\000\051}{part.1}% 13
\BOOKMARK [0][-]{Appendix*.171}{\376\377\000S\000k\000i\000n\000n\000e\000r\000,\000\040\000B\000.\000\040\000F\000.\000\040\000`\000`\000A\000\040\000C\000r\000i\000t\000i\000q\000u\000e\000\040\000o\000f\000\040\000P\000s\000y\000c\000h\000o\000a\000n\000a\000l\000y\000t\000i\000c\000\040\000C\000o\000n\000c\000e\000p\000t\000s\000\040\000a\000n\000d\000\040\000T\000h\000e\000o\000r\000i\000e\000s\000'\000'\000\040\0001\0009\0005\0004}{part.1}% 14
\BOOKMARK [0][-]{Appendix*.172}{\376\377\000C\000h\000o\000m\000s\000k\000y\000,\000\040\000N\000.\000\040\000`\000`\000R\000e\000v\000i\000e\000w\000\040\000o\000f\000\040\000V\000e\000r\000b\000a\000l\000\040\000B\000e\000h\000a\000v\000i\000o\000u\000r\000\040\000b\000y\000\040\000B\000.\000F\000.\000\040\000S\000k\000i\000n\000n\000e\000r\000'\000'\000\040\0001\0009\0005\0009}{part.1}% 15
\BOOKMARK [0][-]{Appendix*.173}{\376\377\000A\000P\000A\000\040\000`\000`\000E\000t\000h\000i\000c\000a\000l\000\040\000S\000t\000a\000n\000d\000a\000r\000d\000s\000\040\000o\000f\000\040\000P\000s\000y\000c\000h\000o\000l\000o\000g\000i\000s\000t\000s\000,\000'\000'\000\040\0001\0009\0006\0008}{part.1}% 16
\BOOKMARK [0][-]{Appendix*.174}{\376\377\000A\000P\000A\000\040\000D\000i\000a\000g\000n\000o\000s\000t\000i\000c\000\040\000a\000n\000d\000\040\000S\000t\000a\000t\000i\000s\000t\000i\000c\000a\000l\000\040\000M\000a\000n\000u\000a\000l\000\040\000M\000e\000n\000t\000a\000l\000\040\000D\000i\000s\000o\000r\000d\000e\000r\000s\000,\000\040\0001\0009\0005\0002}{part.1}% 17
\BOOKMARK [0][-]{Appendix*.175}{\376\377\000A\000P\000A\000\040\000D\000i\000a\000g\000n\000o\000s\000t\000i\000c\000\040\000a\000n\000d\000\040\000S\000t\000a\000t\000i\000s\000t\000i\000c\000a\000l\000\040\000M\000a\000n\000u\000a\000l\000\040\000I\000I\000,\000\040\0001\0009\0006\0008}{part.1}% 18
\BOOKMARK [0][-]{Appendix*.176}{\376\377\000S\000o\000c\000a\000r\000i\000d\000e\000s\000,\000\040\000S\000.\000\040\000`\000`\000H\000o\000m\000o\000s\000e\000x\000u\000a\000l\000i\000t\000y\000\040\000a\000n\000d\000\040\000M\000e\000d\000i\000c\000i\000n\000e\000'\000'\000,\000\040\0001\0009\0006\0008}{part.1}% 19
\BOOKMARK [-1][-]{part.2}{\376\377\000I\000I\000\040\000I\000n\000s\000t\000r\000u\000c\000t\000o\000r\000'\000s\000\040\000M\000a\000n\000u\000a\000l}{}% 20
\BOOKMARK [0][-]{section*.179}{\376\377\000T\000e\000x\000t\000b\000o\000o\000k\000s\000:\000\040\000A}{part.2}% 21
\BOOKMARK [1][-]{section*.185}{\376\377\000L\000i\000s\000t\000\040\000o\000f\000\040\000r\000o\000l\000e\000s\000\040\000a\000n\000d\000\040\000f\000a\000c\000t\000i\000o\000n\000s}{section*.179}% 22
\BOOKMARK [1][-]{section*.207}{\376\377\000L\000e\000a\000r\000n\000i\000n\000g\000\040\000O\000b\000j\000e\000c\000t\000i\000v\000e\000s}{section*.179}% 23
\BOOKMARK [1][-]{section*.208}{\376\377\000I\000t\000e\000m\000s\000\040\000y\000o\000u\000\040\000m\000i\000g\000h\000t\000\040\000n\000e\000e\000d}{section*.179}% 24
\BOOKMARK [1][-]{section*.252}{\376\377\000O\000v\000e\000r\000v\000i\000e\000w\000\040\000o\000f\000\040\000e\000v\000e\000n\000t\000s\000\040\000a\000n\000d\000\040\000a\000s\000s\000i\000g\000n\000m\000e\000n\000t\000s\000\040\000i\000n\000\040\000t\000h\000e\000\040\000g\000a\000m\000e}{section*.179}% 25
\BOOKMARK [1][-]{section*.254}{\376\377\000M\000a\000n\000a\000g\000i\000n\000g\000\040\000D\000i\000s\000c\000u\000s\000s\000i\000o\000n}{section*.179}% 26
\BOOKMARK [1][-]{section*.255}{\376\377\000I\000n\000t\000e\000r\000v\000e\000n\000t\000i\000o\000n\000s}{section*.179}% 27
\BOOKMARK [1][-]{section*.259}{\376\377\000E\000x\000i\000t\000i\000n\000g\000\040\000t\000h\000e\000\040\000g\000a\000m\000e}{section*.179}% 28
\BOOKMARK [1][-]{section*.271}{\376\377\000A\000f\000t\000e\000r\000\040\000t\000h\000i\000s\000\040\000e\000r\000a}{section*.179}% 29
\BOOKMARK [0][-]{chapter*.274}{\376\377\000F\000u\000r\000t\000h\000e\000r\000\040\000R\000e\000a\000d\000i\000n\000g}{part.2}% 30
\BOOKMARK [1][-]{section*.275}{\376\377\000D\000S\000M\000-\000I\000I\000I}{chapter*.274}% 31
\BOOKMARK [1][-]{section*.276}{\376\377\000O\000b\000i\000t\000u\000a\000r\000i\000e\000s\000\040\000a\000n\000d\000\040\000T\000r\000i\000b\000u\000t\000e\000s}{chapter*.274}% 32
\BOOKMARK [1][-]{section*.287}{\376\377\000C\000i\000t\000a\000t\000i\000o\000n\000s\000\040\000n\000o\000t\000\040\000e\000x\000p\000l\000i\000c\000i\000t\000l\000y\000\040\000m\000e\000n\000t\000i\000o\000n\000e\000d\000\040\000p\000r\000e\000v\000i\000o\000u\000s\000l\000y}{chapter*.274}% 33
\BOOKMARK [-1][-]{part.3}{\376\377\000I\000I\000I\000\040\000R\000o\000l\000e\000\040\000S\000h\000e\000e\000t\000s}{}% 34
\BOOKMARK [0][-]{chapter*.288}{\376\377\000G\000e\000o\000r\000g\000e\000\040\000W\000.\000\040\000A\000l\000b\000e\000e\000,\000\040\000P\000h\000D}{part.3}% 35
\BOOKMARK [1][-]{section*.289}{\376\377\000Y\000o\000u\000r\000\040\000B\000i\000o\000g\000r\000a\000p\000h\000y}{chapter*.288}% 36
\BOOKMARK [1][-]{section*.290}{\376\377\000G\000a\000m\000e\000\040\000O\000b\000j\000e\000c\000t\000i\000v\000e\000s}{chapter*.288}% 37
\BOOKMARK [1][-]{section*.292}{\376\377\000G\000a\000m\000e\000\040\000N\000o\000t\000e\000:}{chapter*.288}% 38
\BOOKMARK [1][-]{section*.293}{\376\377\000M\000u\000s\000t\000\040\000R\000e\000a\000d\000:}{chapter*.288}% 39
\BOOKMARK [0][-]{chapter*.295}{\376\377\000A\000n\000n\000e\000\040\000A\000n\000a\000s\000t\000a\000s\000i\000,\000\040\000P\000h\000D}{part.3}% 40
\BOOKMARK [1][-]{section*.296}{\376\377\000Y\000o\000u\000r\000\040\000B\000i\000o\000g\000r\000a\000p\000h\000y}{chapter*.295}% 41
\BOOKMARK [1][-]{section*.297}{\376\377\000G\000a\000m\000e\000\040\000O\000b\000j\000e\000c\000t\000i\000v\000e\000s}{chapter*.295}% 42
\BOOKMARK [1][-]{section*.299}{\376\377\000M\000u\000s\000t\000\040\000R\000e\000a\000d}{chapter*.295}% 43
\BOOKMARK [0][-]{chapter*.301}{\376\377\000K\000e\000n\000n\000e\000t\000h\000\040\000C\000l\000a\000r\000k\000,\000\040\000P\000h\000D}{part.3}% 44
\BOOKMARK [1][-]{section*.302}{\376\377\000Y\000o\000u\000r\000\040\000B\000i\000o\000g\000r\000a\000p\000h\000y}{chapter*.301}% 45
\BOOKMARK [1][-]{section*.303}{\376\377\000G\000a\000m\000e\000\040\000O\000b\000j\000e\000c\000t\000i\000v\000e\000s}{chapter*.301}% 46
\BOOKMARK [1][-]{section*.305}{\376\377\000M\000u\000s\000t\000\040\000R\000e\000a\000d}{chapter*.301}% 47
\BOOKMARK [0][-]{chapter*.307}{\376\377\000D\000.\000\040\000F\000o\000r\000d\000n\000e\000y\000\040\000S\000e\000t\000t\000l\000a\000g\000e\000,\000\040\000M\000D}{part.3}% 48
\BOOKMARK [1][-]{section*.308}{\376\377\000Y\000o\000u\000r\000\040\000B\000i\000o\000g\000r\000a\000p\000h\000y}{chapter*.307}% 49
\BOOKMARK [1][-]{section*.309}{\376\377\000G\000a\000m\000e\000\040\000O\000b\000j\000e\000c\000t\000i\000v\000e\000s}{chapter*.307}% 50
\BOOKMARK [1][-]{section*.311}{\376\377\000M\000u\000s\000t\000\040\000R\000e\000a\000d}{chapter*.307}% 51
\BOOKMARK [0][-]{chapter*.313}{\376\377\000J\000o\000h\000n\000\040\000F\000r\000y\000e\000r\000,\000\040\000M\000D}{part.3}% 52
\BOOKMARK [1][-]{section*.314}{\376\377\000B\000i\000o\000g\000r\000a\000p\000h\000y}{chapter*.313}% 53
\BOOKMARK [1][-]{section*.315}{\376\377\000G\000a\000m\000e\000\040\000O\000b\000j\000e\000c\000t\000i\000v\000e\000s}{chapter*.313}% 54
\BOOKMARK [1][-]{section*.316}{\376\377\000M\000u\000s\000t\000\040\000R\000e\000a\000d}{chapter*.313}% 55
\BOOKMARK [0][-]{chapter*.318}{\376\377\000F\000r\000a\000n\000k\000\040\000K\000a\000m\000e\000n\000y\000\040\000a\000n\000d\000/\000o\000r\000\040\000B\000a\000r\000b\000a\000r\000a\000\040\000G\000i\000t\000t\000i\000n\000g\000s\000,\000\040\000A\000c\000t\000i\000v\000i\000s\000t\000s}{part.3}% 56
\BOOKMARK [1][-]{section*.319}{\376\377\000F\000r\000a\000n\000k\000\040\000K\000a\000m\000e\000n\000y\000\040\000B\000i\000o\000g\000r\000a\000p\000h\000y}{chapter*.318}% 57
\BOOKMARK [1][-]{section*.320}{\376\377\000G\000a\000m\000e\000\040\000O\000b\000j\000e\000c\000t\000i\000v\000e\000s}{chapter*.318}% 58
\BOOKMARK [1][-]{section*.322}{\376\377\000M\000u\000s\000t\000\040\000R\000e\000a\000d}{chapter*.318}% 59
\BOOKMARK [0][-]{chapter*.324}{\376\377\000F\000r\000a\000n\000k\000\040\000K\000a\000m\000e\000n\000y\000\040\000a\000n\000d\000/\000o\000r\000\040\000B\000a\000r\000b\000a\000r\000a\000\040\000G\000i\000t\000t\000i\000n\000g\000s\000,\000\040\000A\000c\000t\000i\000v\000i\000s\000t\000s}{part.3}% 60
\BOOKMARK [1][-]{section*.325}{\376\377\000B\000a\000r\000b\000a\000r\000a\000\040\000G\000i\000t\000t\000i\000n\000g\000s\000\040\000B\000i\000o\000g\000r\000a\000p\000h\000y}{chapter*.324}% 61
\BOOKMARK [1][-]{section*.326}{\376\377\000B\000a\000r\000b\000a\000r\000a\000\040\000G\000i\000t\000t\000i\000n\000g\000s\000\040\000B\000i\000o\000g\000r\000a\000p\000h\000y}{chapter*.324}% 62
\BOOKMARK [1][-]{section*.328}{\376\377\000M\000u\000s\000t\000\040\000R\000e\000a\000d}{chapter*.324}% 63
\BOOKMARK [0][-]{chapter*.330}{\376\377\000S\000t\000a\000n\000l\000e\000y\000\040\000M\000i\000l\000g\000r\000a\000m\000,\000\040\000P\000h\000D}{part.3}% 64
\BOOKMARK [1][-]{section*.331}{\376\377\000Y\000o\000u\000r\000\040\000B\000i\000o\000g\000r\000a\000p\000h\000y}{chapter*.330}% 65
\BOOKMARK [1][-]{section*.332}{\376\377\000G\000a\000m\000e\000\040\000O\000b\000j\000e\000c\000t\000i\000v\000e\000s}{chapter*.330}% 66
\BOOKMARK [1][-]{section*.334}{\376\377\000M\000u\000s\000t\000\040\000R\000e\000a\000d}{chapter*.330}% 67
\BOOKMARK [0][-]{chapter*.336}{\376\377\000J\000e\000a\000n\000\040\000P\000i\000a\000g\000e\000t\000,\000\040\000P\000h\000D}{part.3}% 68
\BOOKMARK [1][-]{section*.337}{\376\377\000Y\000o\000u\000r\000\040\000B\000i\000o\000g\000r\000a\000p\000h\000y}{chapter*.336}% 69
\BOOKMARK [1][-]{section*.338}{\376\377\000G\000a\000m\000e\000\040\000O\000b\000j\000e\000c\000t\000i\000v\000e\000s}{chapter*.336}% 70
\BOOKMARK [1][-]{section*.339}{\376\377\000M\000u\000s\000t\000\040\000R\000e\000a\000d}{chapter*.336}% 71
\BOOKMARK [0][-]{chapter*.341}{\376\377\000L\000e\000o\000n\000a\000\040\000T\000y\000l\000e\000r\000,\000\040\000P\000h\000D}{part.3}% 72
\BOOKMARK [1][-]{section*.342}{\376\377\000Y\000o\000u\000r\000\040\000B\000i\000o\000g\000r\000a\000p\000h\000y}{chapter*.341}% 73
\BOOKMARK [1][-]{section*.343}{\376\377\000G\000a\000m\000e\000\040\000O\000b\000j\000e\000c\000t\000i\000v\000e\000s}{chapter*.341}% 74
\BOOKMARK [1][-]{section*.345}{\376\377\000M\000u\000s\000t\000\040\000R\000e\000a\000d}{chapter*.341}% 75
\BOOKMARK [0][-]{chapter*.347}{\376\377\000R\000o\000b\000e\000r\000t\000\040\000S\000p\000i\000t\000z\000e\000r\000,\000\040\000M\000D}{part.3}% 76
\BOOKMARK [1][-]{section*.348}{\376\377\000Y\000o\000u\000r\000\040\000B\000i\000o\000g\000r\000a\000p\000h\000y}{chapter*.347}% 77
\BOOKMARK [1][-]{section*.349}{\376\377\000G\000a\000m\000e\000\040\000O\000b\000j\000e\000c\000t\000i\000v\000e\000s}{chapter*.347}% 78
\BOOKMARK [1][-]{section*.356}{\376\377\000M\000u\000s\000t\000\040\000R\000e\000a\000d}{chapter*.347}% 79
\BOOKMARK [0][-]{chapter*.358}{\376\377\000T\000h\000o\000m\000a\000s\000\040\000S\000.\000\040\000S\000z\000a\000s\000z\000,\000\040\000M\000D}{part.3}% 80
\BOOKMARK [1][-]{section*.359}{\376\377\000Y\000o\000u\000r\000\040\000B\000i\000o\000g\000r\000a\000p\000h\000y}{chapter*.358}% 81
\BOOKMARK [1][-]{section*.360}{\376\377\000V\000i\000c\000t\000o\000r\000y\000\040\000O\000b\000j\000e\000c\000t\000i\000v\000e\000s}{chapter*.358}% 82
\BOOKMARK [1][-]{section*.362}{\376\377\000S\000p\000e\000c\000i\000f\000i\000c\000\040\000A\000s\000s\000i\000g\000n\000m\000e\000n\000t\000s}{chapter*.358}% 83
\BOOKMARK [1][-]{section*.363}{\376\377\000M\000u\000s\000t\000\040\000R\000e\000a\000d}{chapter*.358}% 84
\BOOKMARK [0][-]{chapter*.365}{\376\377\000R\000o\000b\000e\000r\000t\000\040\000H\000o\000p\000c\000k\000e\000,\000\040\000M\000D}{part.3}% 85
\BOOKMARK [1][-]{section*.366}{\376\377\000Y\000o\000u\000r\000\040\000B\000i\000o\000g\000r\000a\000p\000h\000y}{chapter*.365}% 86
\BOOKMARK [1][-]{section*.367}{\376\377\000G\000a\000m\000e\000\040\000O\000b\000j\000e\000c\000t\000i\000v\000e\000s}{chapter*.365}% 87
\BOOKMARK [1][-]{section*.368}{\376\377\000M\000u\000s\000t\000\040\000R\000e\000a\000d}{chapter*.365}% 88
\BOOKMARK [0][-]{chapter*.370}{\376\377\000C\000h\000a\000r\000l\000e\000s\000\040\000S\000o\000c\000a\000r\000i\000d\000e\000s\000,\000\040\000M\000D}{part.3}% 89
\BOOKMARK [1][-]{section*.371}{\376\377\000Y\000o\000u\000r\000\040\000B\000i\000o\000g\000r\000a\000p\000h\000y}{chapter*.370}% 90
\BOOKMARK [1][-]{section*.374}{\376\377\000Y\000o\000u\000r\000\040\000V\000i\000e\000w}{chapter*.370}% 91
\BOOKMARK [1][-]{section*.375}{\376\377\000G\000a\000m\000e\000\040\000O\000b\000j\000e\000c\000t\000i\000v\000e\000s}{chapter*.370}% 92
\BOOKMARK [1][-]{section*.377}{\376\377\000M\000u\000s\000t\000\040\000R\000e\000a\000d}{chapter*.370}% 93
\BOOKMARK [0][-]{chapter*.378}{\376\377\000J\000u\000d\000d\000\040\000M\000a\000r\000m\000o\000r\000,\000\040\000M\000D}{part.3}% 94
\BOOKMARK [1][-]{section*.379}{\376\377\000Y\000o\000u\000r\000\040\000B\000i\000o\000g\000r\000a\000p\000h\000y}{chapter*.378}% 95
\BOOKMARK [1][-]{section*.380}{\376\377\000G\000a\000m\000e\000\040\000O\000b\000j\000e\000c\000t\000i\000v\000e\000s}{chapter*.378}% 96
\BOOKMARK [1][-]{section*.381}{\376\377\000S\000p\000e\000c\000i\000f\000i\000c\000\040\000a\000s\000s\000i\000g\000n\000m\000e\000n\000t\000s}{chapter*.378}% 97
\BOOKMARK [1][-]{section*.382}{\376\377\000M\000u\000s\000t\000\040\000R\000e\000a\000d}{chapter*.378}% 98
\BOOKMARK [0][-]{chapter*.384}{\376\377\000E\000v\000e\000l\000y\000n\000\040\000H\000o\000o\000k\000e\000r\000,\000\040\000P\000h\000D}{part.3}% 99
\BOOKMARK [1][-]{section*.385}{\376\377\000Y\000o\000u\000r\000\040\000B\000i\000o\000g\000r\000a\000p\000h\000y}{chapter*.384}% 100
\BOOKMARK [1][-]{section*.386}{\376\377\000G\000a\000m\000e\000\040\000O\000b\000j\000e\000c\000t\000i\000v\000e\000s}{chapter*.384}% 101
\BOOKMARK [1][-]{section*.388}{\376\377\000M\000u\000s\000t\000\040\000R\000e\000a\000d}{chapter*.384}% 102
