\BOOKMARK [-1][-]{section*.2}{Game Book}{}% 1
\BOOKMARK [0][-]{section*.3}{Contents}{section*.2}% 2
\BOOKMARK [0][-]{section*.4}{List of Tables}{section*.2}% 3
\BOOKMARK [0][-]{section*.5}{List of Figures}{section*.2}% 4
\BOOKMARK [0][-]{chapter.1}{The Game}{section*.2}% 5
\BOOKMARK [1][-]{section.1.1}{Playing a Psychologist or Psychiatrist in the 1970s.}{chapter.1}% 6
\BOOKMARK [1][-]{section.1.2}{Prologue}{chapter.1}% 7
\BOOKMARK [1][-]{section.1.3}{Counterfactuals}{chapter.1}% 8
\BOOKMARK [1][-]{section.1.4}{Timeline of events relevant to game play}{chapter.1}% 9
\BOOKMARK [1][-]{section.1.5}{Major Issues in the Game}{chapter.1}% 10
\BOOKMARK [1][-]{section.1.6}{Brief Sketch of the Game Characters}{chapter.1}% 11
\BOOKMARK [0][-]{chapter.A}{Pinel, Philippe. ``A Treatise on Insanity'', 1806}{section*.2}% 12
\BOOKMARK [1][-]{section.A.1}{Excerpt 1}{chapter.A}% 13
\BOOKMARK [1][-]{section.A.2}{Excerpt 1}{chapter.A}% 14
\BOOKMARK [1][-]{section.A.3}{Excerpt 3}{chapter.A}% 15
\BOOKMARK [0][-]{chapter.B}{Freud, Sigmund ``The psychogenesis of a case of homosexuality in a woman'' \(1920\)}{section*.2}% 16
\BOOKMARK [0][-]{chapter.C}{Skinner, B. F. ``A Critique of Psychoanalytic Concepts and Theories'' 1954}{section*.2}% 17
\BOOKMARK [0][-]{chapter.D}{Chomsky, N. ``Review of Verbal Behaviour by B.F. Skinner'' 1959}{section*.2}% 18
\BOOKMARK [0][-]{chapter.E}{APA ``Ethical Standards of Psychologists,'' 1968}{section*.2}% 19
\BOOKMARK [0][-]{chapter.F}{APA Diagnostic and Statistical Manual Mental Disorders, 1952}{section*.2}% 20
\BOOKMARK [0][-]{chapter.G}{APA Diagnostic and Statistical Manual II, 1968}{section*.2}% 21
\BOOKMARK [0][-]{chapter.H}{Socarides, S. ``Homosexuality and Medicine'', 1968}{section*.2}% 22
\BOOKMARK [-1][-]{part.1}{Instructor's Manual}{}% 23
\BOOKMARK [0][-]{section.1.1}{Textbooks: A}{part.1}% 24
\BOOKMARK [1][-]{section.1.2}{List of roles and factions}{section.1.1}% 25
\BOOKMARK [1][-]{section.1.3}{Learning Objectives}{section.1.1}% 26
\BOOKMARK [1][-]{section.1.4}{Items you might need}{section.1.1}% 27
\BOOKMARK [1][-]{section.1.5}{Overview of events and assignments in the game}{section.1.1}% 28
\BOOKMARK [1][-]{section.1.6}{Managing Discussion}{section.1.1}% 29
\BOOKMARK [1][-]{section.1.7}{Interventions}{section.1.1}% 30
\BOOKMARK [1][-]{section.1.8}{Exiting the game}{section.1.1}% 31
\BOOKMARK [1][-]{section.1.9}{After this era}{section.1.1}% 32
\BOOKMARK [0][-]{chapter.2}{Further Reading}{part.1}% 33
\BOOKMARK [1][-]{section.2.1}{DSM-III}{chapter.2}% 34
\BOOKMARK [1][-]{section.2.2}{Obituaries and Tributes}{chapter.2}% 35
\BOOKMARK [1][-]{section.2.3}{Citations not explicitly mentioned previously}{chapter.2}% 36
\BOOKMARK [-1][-]{part.2}{Role Sheets}{}% 37
\BOOKMARK [0][-]{chapter.3}{George W. Albee, PhD}{part.2}% 38
\BOOKMARK [1][-]{section.3.1}{Your Biography}{chapter.3}% 39
\BOOKMARK [1][-]{section.3.2}{Game Objectives}{chapter.3}% 40
\BOOKMARK [1][-]{section.3.3}{Game Note:}{chapter.3}% 41
\BOOKMARK [1][-]{section.3.4}{Must Read:}{chapter.3}% 42
\BOOKMARK [0][-]{chapter.4}{Anne Anastasi, PhD}{part.2}% 43
\BOOKMARK [1][-]{section.4.1}{Your Biography}{chapter.4}% 44
\BOOKMARK [1][-]{section.4.2}{Game Objectives}{chapter.4}% 45
\BOOKMARK [1][-]{section.4.3}{Must Read}{chapter.4}% 46
\BOOKMARK [0][-]{chapter.5}{Kenneth Clark, PhD}{part.2}% 47
\BOOKMARK [1][-]{section.5.1}{Your Biography}{chapter.5}% 48
\BOOKMARK [1][-]{section.5.2}{Game Objectives}{chapter.5}% 49
\BOOKMARK [1][-]{section.5.3}{Must Read}{chapter.5}% 50
\BOOKMARK [0][-]{chapter.6}{D. Fordney Settlage, MD}{part.2}% 51
\BOOKMARK [1][-]{section.6.1}{Your Biography}{chapter.6}% 52
\BOOKMARK [1][-]{section.6.2}{Game Objectives}{chapter.6}% 53
\BOOKMARK [1][-]{section.6.3}{Must Read}{chapter.6}% 54
\BOOKMARK [0][-]{chapter.7}{John Fryer, MD}{part.2}% 55
\BOOKMARK [1][-]{section.7.1}{Biography}{chapter.7}% 56
\BOOKMARK [1][-]{section.7.2}{Game Objectives}{chapter.7}% 57
\BOOKMARK [1][-]{section.7.3}{Must Read}{chapter.7}% 58
\BOOKMARK [0][-]{chapter.8}{Frank Kameny and/or Barbara Gittings, Activists}{part.2}% 59
\BOOKMARK [1][-]{section.8.1}{Frank Kameny Biography}{chapter.8}% 60
\BOOKMARK [1][-]{section.8.2}{Game Objectives}{chapter.8}% 61
\BOOKMARK [1][-]{section.8.3}{Must Read}{chapter.8}% 62
\BOOKMARK [0][-]{chapter.9}{Frank Kameny and/or Barbara Gittings, Activists}{part.2}% 63
\BOOKMARK [1][-]{section.9.1}{Barbara Gittings Biography}{chapter.9}% 64
\BOOKMARK [1][-]{section.9.2}{Barbara Gittings Biography}{chapter.9}% 65
\BOOKMARK [1][-]{section.9.3}{Must Read}{chapter.9}% 66
\BOOKMARK [0][-]{chapter.10}{Stanley Milgram, PhD}{part.2}% 67
\BOOKMARK [1][-]{section.10.1}{Your Biography}{chapter.10}% 68
\BOOKMARK [1][-]{section.10.2}{Game Objectives}{chapter.10}% 69
\BOOKMARK [1][-]{section.10.3}{Must Read}{chapter.10}% 70
\BOOKMARK [0][-]{chapter.11}{Jean Piaget, PhD}{part.2}% 71
\BOOKMARK [1][-]{section.11.1}{Your Biography}{chapter.11}% 72
\BOOKMARK [1][-]{section.11.2}{Game Objectives}{chapter.11}% 73
\BOOKMARK [1][-]{section.11.3}{Must Read}{chapter.11}% 74
\BOOKMARK [0][-]{chapter.12}{Leona Tyler, PhD}{part.2}% 75
\BOOKMARK [1][-]{section.12.1}{Your Biography}{chapter.12}% 76
\BOOKMARK [1][-]{section.12.2}{Game Objectives}{chapter.12}% 77
\BOOKMARK [1][-]{section.12.3}{Must Read}{chapter.12}% 78
\BOOKMARK [0][-]{chapter.13}{Robert Spitzer, MD}{part.2}% 79
\BOOKMARK [1][-]{section.13.1}{Your Biography}{chapter.13}% 80
\BOOKMARK [1][-]{section.13.2}{Game Objectives}{chapter.13}% 81
\BOOKMARK [1][-]{section.13.3}{Must Read}{chapter.13}% 82
\BOOKMARK [0][-]{chapter.14}{Thomas S. Szasz, MD}{part.2}% 83
\BOOKMARK [1][-]{section.14.1}{Your Biography}{chapter.14}% 84
\BOOKMARK [1][-]{section.14.2}{Victory Objectives}{chapter.14}% 85
\BOOKMARK [1][-]{section.14.3}{Specific Assignments}{chapter.14}% 86
\BOOKMARK [1][-]{section.14.4}{Must Read}{chapter.14}% 87
\BOOKMARK [0][-]{chapter.15}{Robert Hopcke, MD}{part.2}% 88
\BOOKMARK [1][-]{section.15.1}{Your Biography}{chapter.15}% 89
\BOOKMARK [1][-]{section.15.2}{Game Objectives}{chapter.15}% 90
\BOOKMARK [1][-]{section.15.3}{Must Read}{chapter.15}% 91
\BOOKMARK [0][-]{chapter.16}{Charles Socarides, MD}{part.2}% 92
\BOOKMARK [1][-]{section.16.1}{Your Biography}{chapter.16}% 93
\BOOKMARK [1][-]{section.16.2}{Your View}{chapter.16}% 94
\BOOKMARK [1][-]{section.16.3}{Game Objectives}{chapter.16}% 95
\BOOKMARK [1][-]{section.16.4}{Must Read}{chapter.16}% 96
\BOOKMARK [0][-]{chapter.17}{Judd Marmor, MD}{part.2}% 97
\BOOKMARK [1][-]{section.17.1}{Your Biography}{chapter.17}% 98
\BOOKMARK [1][-]{section.17.2}{Game Objectives}{chapter.17}% 99
\BOOKMARK [1][-]{section.17.3}{Specific assignments}{chapter.17}% 100
\BOOKMARK [1][-]{section.17.4}{Must Read}{chapter.17}% 101
\BOOKMARK [0][-]{chapter.18}{Evelyn Hooker, PhD}{part.2}% 102
\BOOKMARK [1][-]{section.18.1}{Your Biography}{chapter.18}% 103
\BOOKMARK [1][-]{section.18.2}{Game Objectives}{chapter.18}% 104
\BOOKMARK [1][-]{section.18.3}{Must Read}{chapter.18}% 105
