\BOOKMARK [-1][-]{part.1}{\376\377\000I\000\040\000G\000a\000m\000e\000\040\000B\000o\000o\000k}{}% 1
\BOOKMARK [0][-]{chapter.1}{\376\377\000I\000n\000t\000r\000o\000d\000u\000c\000i\000n\000g\000\040\000T\000h\000e\000\040\000G\000a\000m\000e}{part.1}% 2
\BOOKMARK [1][-]{section.1.1}{\376\377\000P\000l\000a\000y\000i\000n\000g\000\040\000a\000\040\000P\000s\000y\000c\000h\000o\000l\000o\000g\000i\000s\000t\000\040\000o\000r\000\040\000P\000s\000y\000c\000h\000i\000a\000t\000r\000i\000s\000t\000\040\000i\000n\000\040\000t\000h\000e\000\040\0001\0009\0007\0000\000s\000.}{chapter.1}% 3
\BOOKMARK [1][-]{section.1.2}{\376\377\000P\000r\000o\000l\000o\000g\000u\000e}{chapter.1}% 4
\BOOKMARK [1][-]{section.1.3}{\376\377\000C\000o\000u\000n\000t\000e\000r\000f\000a\000c\000t\000u\000a\000l\000s}{chapter.1}% 5
\BOOKMARK [0][-]{chapter.2}{\376\377\000H\000i\000s\000t\000o\000r\000i\000c\000a\000l\000\040\000B\000a\000c\000k\000g\000r\000o\000u\000n\000d}{part.1}% 6
\BOOKMARK [1][-]{section.2.1}{\376\377\000T\000i\000m\000e\000l\000i\000n\000e\000\040\000o\000f\000\040\000e\000v\000e\000n\000t\000s\000\040\000r\000e\000l\000e\000v\000a\000n\000t\000\040\000t\000o\000\040\000g\000a\000m\000e\000\040\000p\000l\000a\000y}{chapter.2}% 7
\BOOKMARK [1][-]{section.2.2}{\376\377\000B\000r\000i\000e\000f\000\040\000h\000i\000s\000t\000o\000r\000y\000\040\000o\000f\000\040\000t\000h\000e\000\040\000c\000o\000n\000c\000e\000p\000t\000\040\000o\000f\000\040\000`\000P\000s\000y\000c\000h\000o\000l\000o\000g\000y\000'}{chapter.2}% 8
\BOOKMARK [1][-]{section.2.3}{\376\377\000B\000r\000i\000e\000f\000\040\000H\000i\000s\000t\000o\000r\000y\000\040\000o\000f\000\040\000t\000h\000e\000\040\000S\000t\000u\000d\000y\000\040\000o\000f\000\040\000H\000o\000m\000o\000s\000e\000x\000u\000a\000l\000i\000t\000y\000\040\000i\000n\000\040\000A\000m\000e\000r\000i\000c\000a}{chapter.2}% 9
\BOOKMARK [1][-]{section.2.4}{\376\377\000B\000r\000i\000e\000f\000\040\000H\000i\000s\000t\000o\000r\000y\000\040\000o\000f\000\040\040\034\000m\000e\000n\000t\000a\000l\000\040\000i\000l\000l\000n\000e\000s\000s\040\035}{chapter.2}% 10
\BOOKMARK [1][-]{section.2.5}{\376\377\000S\000e\000t\000t\000i\000n\000g\000\040\000t\000h\000e\000\040\000s\000t\000a\000g\000e\000\040\000f\000o\000r\000\040\0001\0009\0007\0001}{chapter.2}% 11
\BOOKMARK [0][-]{chapter.3}{\376\377\000G\000a\000m\000e\000\040\000P\000l\000a\000y}{part.1}% 12
\BOOKMARK [1][-]{section.3.1}{\376\377\000M\000a\000j\000o\000r\000\040\000I\000s\000s\000u\000e\000s\000\040\000i\000n\000\040\000t\000h\000e\000\040\000G\000a\000m\000e}{chapter.3}% 13
\BOOKMARK [1][-]{section.3.2}{\376\377\000B\000a\000s\000i\000c\000\040\000g\000a\000m\000e\000\040\000p\000l\000a\000y}{chapter.3}% 14
\BOOKMARK [1][-]{section.3.3}{\376\377\000B\000a\000s\000i\000c\000\040\000P\000r\000i\000n\000c\000i\000p\000l\000e\000s}{chapter.3}% 15
\BOOKMARK [1][-]{section.3.4}{\376\377\000V\000i\000c\000t\000o\000r\000y\000\040\000O\000b\000j\000e\000c\000t\000i\000v\000e\000s}{chapter.3}% 16
\BOOKMARK [1][-]{section.3.5}{\376\377\000S\000p\000e\000c\000i\000a\000l\000\040\000R\000u\000l\000e\000s}{chapter.3}% 17
\BOOKMARK [1][-]{section.3.6}{\376\377\000D\000e\000f\000i\000n\000i\000t\000i\000o\000n\000s\000\040\000u\000s\000e\000d\000\040\000b\000y\000\040\000t\000h\000e\000\040\000A\000P\000A}{chapter.3}% 18
\BOOKMARK [1][-]{section.3.7}{\376\377\000R\000o\000l\000e\000\040\000o\000f\000\040\000t\000h\000e\000\040\000g\000a\000m\000e\000m\000a\000s\000t\000e\000r}{chapter.3}% 19
\BOOKMARK [1][-]{section.3.8}{\376\377\000O\000u\000t\000l\000i\000n\000e\000\040\000o\000f\000\040\000t\000h\000e\000\040\000g\000a\000m\000e}{chapter.3}% 20
\BOOKMARK [1][-]{section.3.9}{\376\377\000A\000s\000s\000i\000g\000n\000m\000e\000n\000t\000s}{chapter.3}% 21
\BOOKMARK [0][-]{chapter.4}{\376\377\000R\000o\000l\000e\000s\000\040\000a\000n\000d\000\040\000F\000a\000c\000t\000i\000o\000n\000s}{part.1}% 22
\BOOKMARK [1][-]{section.4.1}{\376\377\000M\000a\000i\000n\000\040\000F\000a\000c\000t\000i\000o\000n\000s}{chapter.4}% 23
\BOOKMARK [1][-]{section.4.2}{\376\377\000B\000r\000i\000e\000f\000\040\000S\000k\000e\000t\000c\000h\000\040\000o\000f\000\040\000t\000h\000e\000\040\000G\000a\000m\000e\000\040\000C\000h\000a\000r\000a\000c\000t\000e\000r\000s}{chapter.4}% 24
\BOOKMARK [1][-]{section.4.3}{\376\377\000T\000h\000i\000n\000g\000s\000\040\000y\000o\000u\000\040\000s\000h\000o\000u\000l\000d\000\040\000k\000n\000o\000w}{chapter.4}% 25
\BOOKMARK [0][-]{chapter.5}{\376\377\000C\000o\000r\000e\000\040\000T\000e\000x\000t\000s}{part.1}% 26
\BOOKMARK [0][-]{chapter.6}{\376\377\000I\000n\000d\000e\000x\000\040\000a\000n\000d\000\040\000B\000i\000b\000l\000i\000o\000g\000r\000a\000p\000h\000i\000e\000s}{part.1}% 27
\BOOKMARK [0][-]{chapter*.160}{\376\377\000A\000p\000p\000e\000n\000d\000i\000c\000e\000s}{part.1}% 28
\BOOKMARK [1][-]{section.1..1}{\376\377\000P\000i\000n\000e\000l\000,\000\040\000P\000h\000i\000l\000i\000p\000p\000e\000.\000\040\040\034\000A\000\040\000T\000r\000e\000a\000t\000i\000s\000e\000\040\000o\000n\000\040\000I\000n\000s\000a\000n\000i\000t\000y\040\035\000,\000\040\0001\0008\0000\0006}{chapter*.160}% 29
\BOOKMARK [1][-]{section.1..2}{\376\377\000P\000s\000y\000c\000h\000o\000p\000a\000t\000h\000i\000a\000\040\000s\000e\000x\000u\000a\000l\000i\000s}{chapter*.160}% 30
\BOOKMARK [1][-]{section.1..3}{\376\377\000F\000r\000e\000u\000d\000,\000\040\000S\000i\000g\000m\000u\000n\000d\000\040\040\034\000T\000h\000e\000\040\000p\000s\000y\000c\000h\000o\000g\000e\000n\000e\000s\000i\000s\000\040\000o\000f\000\040\000a\000\040\000c\000a\000s\000e\000\040\000o\000f\000\040\000h\000o\000m\000o\000s\000e\000x\000u\000a\000l\000i\000t\000y\000\040\000i\000n\000\040\000a\000\040\000w\000o\000m\000a\000n\040\035\000\040\000\050\0001\0009\0002\0000\000\051}{chapter*.160}% 31
\BOOKMARK [1][-]{section.1..4}{\376\377\000S\000k\000i\000n\000n\000e\000r\000,\000\040\000B\000.\000\040\000F\000.\000\040\040\034\000A\000\040\000C\000r\000i\000t\000i\000q\000u\000e\000\040\000o\000f\000\040\000P\000s\000y\000c\000h\000o\000a\000n\000a\000l\000y\000t\000i\000c\000\040\000C\000o\000n\000c\000e\000p\000t\000s\000\040\000a\000n\000d\000\040\000T\000h\000e\000o\000r\000i\000e\000s\040\035\000\040\0001\0009\0005\0004}{chapter*.160}% 32
\BOOKMARK [1][-]{section.1..5}{\376\377\000C\000h\000o\000m\000s\000k\000y\000,\000\040\000N\000.\000\040\040\034\000R\000e\000v\000i\000e\000w\000\040\000o\000f\000\040\000V\000e\000r\000b\000a\000l\000\040\000B\000e\000h\000a\000v\000i\000o\000u\000r\000\040\000b\000y\000\040\000B\000.\000F\000.\000\040\000S\000k\000i\000n\000n\000e\000r\040\035\000\040\0001\0009\0005\0009}{chapter*.160}% 33
\BOOKMARK [1][-]{section.1..6}{\376\377\000A\000P\000A\000\040\040\034\000E\000t\000h\000i\000c\000a\000l\000\040\000S\000t\000a\000n\000d\000a\000r\000d\000s\000\040\000o\000f\000\040\000P\000s\000y\000c\000h\000o\000l\000o\000g\000i\000s\000t\000s\000"\000\040\0001\0009\0006\0008}{chapter*.160}% 34
\BOOKMARK [1][-]{section.1..7}{\376\377\000A\000P\000A\000\040\000D\000i\000a\000g\000n\000o\000s\000t\000i\000c\000\040\000a\000n\000d\000\040\000S\000t\000a\000t\000i\000s\000t\000i\000c\000a\000l\000\040\000M\000a\000n\000u\000a\000l\000\040\000M\000e\000n\000t\000a\000l\000\040\000D\000i\000s\000o\000r\000d\000e\000r\000s\000,\000\040\0001\0009\0005\0002}{chapter*.160}% 35
\BOOKMARK [1][-]{section.1..8}{\376\377\000A\000P\000A\000\040\000D\000i\000a\000g\000n\000o\000s\000t\000i\000c\000\040\000a\000n\000d\000\040\000S\000t\000a\000t\000i\000s\000t\000i\000c\000a\000l\000\040\000M\000a\000n\000u\000a\000l\000\040\000I\000I\000,\000\040\0001\0009\0006\0008}{chapter*.160}% 36
\BOOKMARK [1][-]{section.1..9}{\376\377\000S\000o\000c\000a\000r\000i\000d\000e\000s\000,\000\040\000S\000.\000\040\040\034\000H\000o\000m\000o\000s\000e\000x\000u\000a\000l\000i\000t\000y\000\040\000a\000n\000d\000\040\000M\000e\000d\000i\000c\000i\000n\000e\040\035\000,\000\040\0001\0009\0006\0008}{chapter*.160}% 37
\BOOKMARK [-1][-]{part.2}{\376\377\000I\000I\000\040\000I\000n\000s\000t\000r\000u\000c\000t\000o\000r\040\031\000s\000\040\000M\000a\000n\000u\000a\000l\000:}{}% 38
\BOOKMARK [0][-]{chapter.1}{\376\377\000I\000n\000t\000r\000o\000d\000u\000c\000t\000i\000o\000n}{part.2}% 39
\BOOKMARK [1][-]{section.1.1}{\376\377\000G\000a\000m\000e\000\040\000s\000y\000n\000o\000p\000s\000i\000s}{chapter.1}% 40
\BOOKMARK [0][-]{chapter.2}{\376\377\000M\000o\000d\000e\000l\000\040\000S\000c\000h\000e\000d\000u\000l\000e\000s}{part.2}% 41
\BOOKMARK [1][-]{section.2.1}{\376\377\000S\000t\000a\000n\000d\000a\000r\000d\000\040\000S\000c\000h\000e\000d\000u\000l\000e}{chapter.2}% 42
\BOOKMARK [1][-]{section.2.2}{\376\377\000E\000x\000p\000a\000n\000d\000e\000d\000\040\000S\000c\000h\000e\000d\000u\000l\000e}{chapter.2}% 43
\BOOKMARK [1][-]{section.2.3}{\376\377\000C\000o\000m\000p\000r\000e\000s\000s\000e\000d\000\040\000S\000c\000h\000e\000d\000u\000l\000e}{chapter.2}% 44
\BOOKMARK [1][-]{section.2.4}{\376\377\000L\000o\000n\000g\000\040\000C\000l\000a\000s\000s\000\040\000m\000e\000e\000t\000i\000n\000g\000s}{chapter.2}% 45
\BOOKMARK [0][-]{chapter.3}{\376\377\000R\000o\000l\000e\000s\000\040\000a\000n\000d\000\040\000F\000a\000c\000t\000i\000o\000n\000s}{part.2}% 46
\BOOKMARK [1][-]{section.3.1}{\376\377\000L\000i\000s\000t\000\040\000o\000f\000\040\000r\000o\000l\000e\000s\000\040\000a\000n\000d\000\040\000f\000a\000c\000t\000i\000o\000n\000s}{chapter.3}% 47
\BOOKMARK [0][-]{chapter.4}{\376\377\000G\000a\000m\000e\000\040\000S\000e\000t\000u\000p}{part.2}% 48
\BOOKMARK [1][-]{section.4.1}{\376\377\000O\000v\000e\000r\000v\000i\000e\000w}{chapter.4}% 49
\BOOKMARK [1][-]{section.4.2}{\376\377\000R\000u\000l\000e\000s\000\040\000a\000n\000d\000\040\000P\000r\000o\000c\000e\000d\000u\000r\000e\000s}{chapter.4}% 50
\BOOKMARK [1][-]{section.4.3}{\376\377\000S\000a\000m\000p\000l\000e\000\040\000r\000u\000b\000r\000i\000c\000s\000\040\000f\000o\000r\000\040\000g\000r\000a\000d\000i\000n\000g}{chapter.4}% 51
\BOOKMARK [0][-]{chapter.5}{\376\377\000G\000a\000m\000e\000\040\000M\000a\000n\000a\000g\000e\000m\000e\000n\000t}{part.2}% 52
\BOOKMARK [1][-]{section.5.1}{\376\377\000N\000a\000r\000r\000a\000t\000i\000v\000e}{chapter.5}% 53
\BOOKMARK [1][-]{section.5.2}{\376\377\000I\000t\000e\000m\000s\000\040\000y\000o\000u\000\040\000m\000i\000g\000h\000t\000\040\000n\000e\000e\000d}{chapter.5}% 54
\BOOKMARK [1][-]{section.5.3}{\376\377\000O\000v\000e\000r\000v\000i\000e\000w\000\040\000o\000f\000\040\000e\000v\000e\000n\000t\000s\000\040\000a\000n\000d\000\040\000a\000s\000s\000i\000g\000n\000m\000e\000n\000t\000s\000\040\000i\000n\000\040\000t\000h\000e\000\040\000g\000a\000m\000e\000,\000\040\000b\000y\000\040\000c\000h\000a\000r\000a\000c\000t\000e\000r}{chapter.5}% 55
\BOOKMARK [1][-]{section.5.4}{\376\377\000M\000a\000n\000a\000g\000i\000n\000g\000\040\000D\000i\000s\000c\000u\000s\000s\000i\000o\000n}{chapter.5}% 56
\BOOKMARK [1][-]{section.5.5}{\376\377\000G\000a\000m\000e\000-\000M\000a\000s\000t\000e\000r\000\040\000I\000n\000t\000e\000r\000v\000e\000n\000t\000i\000o\000n\000s}{chapter.5}% 57
\BOOKMARK [0][-]{chapter.6}{\376\377\000D\000e\000b\000r\000i\000e\000f\000i\000n\000g}{part.2}% 58
\BOOKMARK [1][-]{section.6.1}{\376\377\000E\000x\000i\000t\000i\000n\000g\000\040\000t\000h\000e\000\040\000g\000a\000m\000e}{chapter.6}% 59
\BOOKMARK [1][-]{section.6.2}{\376\377\000W\000h\000a\000t\000\040\000r\000e\000a\000l\000l\000y\000\040\000h\000a\000p\000p\000e\000n\000e\000d}{chapter.6}% 60
\BOOKMARK [1][-]{section.6.3}{\376\377\000A\000f\000t\000e\000r\000\040\000t\000h\000i\000s\000\040\000e\000r\000a}{chapter.6}% 61
\BOOKMARK [0][-]{chapter.1}{\376\377\000A\000p\000p\000e\000n\000d\000i\000c\000e\000s}{part.2}% 62
\BOOKMARK [1][-]{section.2..1}{\376\377\000L\000a\000b\000\040\000A\000c\000t\000i\000v\000i\000t\000i\000e\000s}{chapter.1}% 63
\BOOKMARK [1][-]{section.2..2}{\376\377\000R\000e\000a\000l\000-\000w\000o\000r\000l\000d\000\040\000p\000a\000p\000e\000r\000s}{chapter.1}% 64
\BOOKMARK [0][-]{Appendix.2.A}{\376\377\000F\000u\000r\000t\000h\000e\000r\000\040\000R\000e\000a\000d\000i\000n\000g}{part.2}% 65
\BOOKMARK [1][-]{section.2.A.1}{\376\377\000D\000S\000M\000-\000I\000I\000I}{Appendix.2.A}% 66
\BOOKMARK [1][-]{section.2.A.2}{\376\377\000O\000b\000i\000t\000u\000a\000r\000i\000e\000s\000\040\000a\000n\000d\000\040\000T\000r\000i\000b\000u\000t\000e\000s}{Appendix.2.A}% 67
\BOOKMARK [-1][-]{part.3}{\376\377\000I\000I\000I\000\040\000R\000o\000l\000e\000\040\000S\000h\000e\000e\000t\000s}{}% 68
\BOOKMARK [0][-]{chapter.1}{\376\377\000G\000e\000o\000r\000g\000e\000\040\000W\000.\000\040\000A\000l\000b\000e\000e\000,\000\040\000P\000h\000D}{part.3}% 69
\BOOKMARK [1][-]{section.1.1}{\376\377\000Y\000o\000u\000r\000\040\000B\000i\000o\000g\000r\000a\000p\000h\000y}{chapter.1}% 70
\BOOKMARK [1][-]{section.1.2}{\376\377\000G\000a\000m\000e\000\040\000O\000b\000j\000e\000c\000t\000i\000v\000e\000s}{chapter.1}% 71
\BOOKMARK [1][-]{section.1.3}{\376\377\000G\000a\000m\000e\000\040\000N\000o\000t\000e\000:}{chapter.1}% 72
\BOOKMARK [1][-]{section.1.4}{\376\377\000M\000u\000s\000t\000\040\000R\000e\000a\000d\000:}{chapter.1}% 73
\BOOKMARK [0][-]{chapter.2}{\376\377\000A\000n\000n\000e\000\040\000A\000n\000a\000s\000t\000a\000s\000i\000,\000\040\000P\000h\000D}{part.3}% 74
\BOOKMARK [1][-]{section.2.1}{\376\377\000Y\000o\000u\000r\000\040\000B\000i\000o\000g\000r\000a\000p\000h\000y}{chapter.2}% 75
\BOOKMARK [1][-]{section.2.2}{\376\377\000G\000a\000m\000e\000\040\000O\000b\000j\000e\000c\000t\000i\000v\000e\000s}{chapter.2}% 76
\BOOKMARK [1][-]{section.2.3}{\376\377\000M\000u\000s\000t\000\040\000R\000e\000a\000d}{chapter.2}% 77
\BOOKMARK [0][-]{chapter.3}{\376\377\000K\000e\000n\000n\000e\000t\000h\000\040\000C\000l\000a\000r\000k\000,\000\040\000P\000h\000D}{part.3}% 78
\BOOKMARK [1][-]{section.3.1}{\376\377\000Y\000o\000u\000r\000\040\000B\000i\000o\000g\000r\000a\000p\000h\000y}{chapter.3}% 79
\BOOKMARK [1][-]{section.3.2}{\376\377\000G\000a\000m\000e\000\040\000O\000b\000j\000e\000c\000t\000i\000v\000e\000s}{chapter.3}% 80
\BOOKMARK [1][-]{section.3.3}{\376\377\000M\000u\000s\000t\000\040\000R\000e\000a\000d}{chapter.3}% 81
\BOOKMARK [0][-]{chapter.4}{\376\377\000D\000.\000\040\000F\000o\000r\000d\000n\000e\000y\000\040\000S\000e\000t\000t\000l\000a\000g\000e\000,\000\040\000M\000D}{part.3}% 82
\BOOKMARK [1][-]{section.4.1}{\376\377\000Y\000o\000u\000r\000\040\000B\000i\000o\000g\000r\000a\000p\000h\000y}{chapter.4}% 83
\BOOKMARK [1][-]{section.4.2}{\376\377\000G\000a\000m\000e\000\040\000O\000b\000j\000e\000c\000t\000i\000v\000e\000s}{chapter.4}% 84
\BOOKMARK [1][-]{section.4.3}{\376\377\000M\000u\000s\000t\000\040\000R\000e\000a\000d}{chapter.4}% 85
\BOOKMARK [0][-]{chapter.5}{\376\377\000J\000o\000h\000n\000\040\000F\000r\000y\000e\000r\000,\000\040\000M\000D}{part.3}% 86
\BOOKMARK [1][-]{section.5.1}{\376\377\000B\000i\000o\000g\000r\000a\000p\000h\000y}{chapter.5}% 87
\BOOKMARK [1][-]{section.5.2}{\376\377\000G\000a\000m\000e\000\040\000O\000b\000j\000e\000c\000t\000i\000v\000e\000s}{chapter.5}% 88
\BOOKMARK [1][-]{section.5.3}{\376\377\000M\000u\000s\000t\000\040\000R\000e\000a\000d}{chapter.5}% 89
\BOOKMARK [0][-]{chapter.6}{\376\377\000F\000r\000a\000n\000k\000\040\000K\000a\000m\000e\000n\000y\000\040\000a\000n\000d\000/\000o\000r\000\040\000B\000a\000r\000b\000a\000r\000a\000\040\000G\000i\000t\000t\000i\000n\000g\000s\000,\000\040\000A\000c\000t\000i\000v\000i\000s\000t\000s}{part.3}% 90
\BOOKMARK [1][-]{section.6.1}{\376\377\000F\000r\000a\000n\000k\000\040\000K\000a\000m\000e\000n\000y\000\040\000B\000i\000o\000g\000r\000a\000p\000h\000y}{chapter.6}% 91
\BOOKMARK [1][-]{section.6.2}{\376\377\000G\000a\000m\000e\000\040\000O\000b\000j\000e\000c\000t\000i\000v\000e\000s}{chapter.6}% 92
\BOOKMARK [1][-]{section.6.3}{\376\377\000M\000u\000s\000t\000\040\000R\000e\000a\000d}{chapter.6}% 93
\BOOKMARK [0][-]{chapter.7}{\376\377\000F\000r\000a\000n\000k\000\040\000K\000a\000m\000e\000n\000y\000\040\000a\000n\000d\000/\000o\000r\000\040\000B\000a\000r\000b\000a\000r\000a\000\040\000G\000i\000t\000t\000i\000n\000g\000s\000,\000\040\000A\000c\000t\000i\000v\000i\000s\000t\000s}{part.3}% 94
\BOOKMARK [1][-]{section.7.1}{\376\377\000B\000a\000r\000b\000a\000r\000a\000\040\000G\000i\000t\000t\000i\000n\000g\000s\000\040\000B\000i\000o\000g\000r\000a\000p\000h\000y}{chapter.7}% 95
\BOOKMARK [1][-]{section.7.2}{\376\377\000B\000a\000r\000b\000a\000r\000a\000\040\000G\000i\000t\000t\000i\000n\000g\000s\000\040\000B\000i\000o\000g\000r\000a\000p\000h\000y}{chapter.7}% 96
\BOOKMARK [1][-]{section.7.3}{\376\377\000M\000u\000s\000t\000\040\000R\000e\000a\000d}{chapter.7}% 97
\BOOKMARK [0][-]{chapter.8}{\376\377\000S\000t\000a\000n\000l\000e\000y\000\040\000M\000i\000l\000g\000r\000a\000m\000,\000\040\000P\000h\000D}{part.3}% 98
\BOOKMARK [1][-]{section.8.1}{\376\377\000Y\000o\000u\000r\000\040\000B\000i\000o\000g\000r\000a\000p\000h\000y}{chapter.8}% 99
\BOOKMARK [1][-]{section.8.2}{\376\377\000G\000a\000m\000e\000\040\000O\000b\000j\000e\000c\000t\000i\000v\000e\000s}{chapter.8}% 100
\BOOKMARK [1][-]{section.8.3}{\376\377\000M\000u\000s\000t\000\040\000R\000e\000a\000d}{chapter.8}% 101
\BOOKMARK [0][-]{chapter.9}{\376\377\000J\000e\000a\000n\000\040\000P\000i\000a\000g\000e\000t\000,\000\040\000P\000h\000D}{part.3}% 102
\BOOKMARK [1][-]{section.9.1}{\376\377\000Y\000o\000u\000r\000\040\000B\000i\000o\000g\000r\000a\000p\000h\000y}{chapter.9}% 103
\BOOKMARK [1][-]{section.9.2}{\376\377\000G\000a\000m\000e\000\040\000O\000b\000j\000e\000c\000t\000i\000v\000e\000s}{chapter.9}% 104
\BOOKMARK [1][-]{section.9.3}{\376\377\000M\000u\000s\000t\000\040\000R\000e\000a\000d}{chapter.9}% 105
\BOOKMARK [0][-]{chapter.10}{\376\377\000L\000e\000o\000n\000a\000\040\000T\000y\000l\000e\000r\000,\000\040\000P\000h\000D}{part.3}% 106
\BOOKMARK [1][-]{section.10.1}{\376\377\000Y\000o\000u\000r\000\040\000B\000i\000o\000g\000r\000a\000p\000h\000y}{chapter.10}% 107
\BOOKMARK [1][-]{section.10.2}{\376\377\000G\000a\000m\000e\000\040\000O\000b\000j\000e\000c\000t\000i\000v\000e\000s}{chapter.10}% 108
\BOOKMARK [1][-]{section.10.3}{\376\377\000M\000u\000s\000t\000\040\000R\000e\000a\000d}{chapter.10}% 109
\BOOKMARK [0][-]{chapter.11}{\376\377\000R\000o\000b\000e\000r\000t\000\040\000S\000p\000i\000t\000z\000e\000r\000,\000\040\000M\000D}{part.3}% 110
\BOOKMARK [1][-]{section.11.1}{\376\377\000Y\000o\000u\000r\000\040\000B\000i\000o\000g\000r\000a\000p\000h\000y}{chapter.11}% 111
\BOOKMARK [1][-]{section.11.2}{\376\377\000G\000a\000m\000e\000\040\000O\000b\000j\000e\000c\000t\000i\000v\000e\000s}{chapter.11}% 112
\BOOKMARK [1][-]{section.11.3}{\376\377\000M\000u\000s\000t\000\040\000R\000e\000a\000d}{chapter.11}% 113
\BOOKMARK [0][-]{chapter.12}{\376\377\000T\000h\000o\000m\000a\000s\000\040\000S\000.\000\040\000S\000z\000a\000s\000z\000,\000\040\000M\000D}{part.3}% 114
\BOOKMARK [1][-]{section.12.1}{\376\377\000Y\000o\000u\000r\000\040\000B\000i\000o\000g\000r\000a\000p\000h\000y}{chapter.12}% 115
\BOOKMARK [1][-]{section.12.2}{\376\377\000V\000i\000c\000t\000o\000r\000y\000\040\000O\000b\000j\000e\000c\000t\000i\000v\000e\000s}{chapter.12}% 116
\BOOKMARK [1][-]{section.12.3}{\376\377\000S\000p\000e\000c\000i\000f\000i\000c\000\040\000A\000s\000s\000i\000g\000n\000m\000e\000n\000t\000s}{chapter.12}% 117
\BOOKMARK [1][-]{section.12.4}{\376\377\000M\000u\000s\000t\000\040\000R\000e\000a\000d}{chapter.12}% 118
\BOOKMARK [1][-]{section.12.5}{\376\377\000P\000s\000y\000c\000h\000o\000a\000n\000a\000l\000y\000s\000t\000\040\000O\000v\000e\000r\000v\000i\000e\000w}{chapter.12}% 119
\BOOKMARK [0][-]{chapter.13}{\376\377\000R\000i\000c\000h\000a\000r\000d\000\040\000G\000r\000e\000e\000n\000,\000\040\000M\000D}{part.3}% 120
\BOOKMARK [1][-]{section.13.1}{\376\377\000Y\000o\000u\000r\000\040\000B\000i\000o\000g\000r\000a\000p\000h\000y}{chapter.13}% 121
\BOOKMARK [1][-]{section.13.2}{\376\377\000G\000a\000m\000e\000\040\000O\000b\000j\000e\000c\000t\000i\000v\000e\000s}{chapter.13}% 122
\BOOKMARK [1][-]{section.13.3}{\376\377\000S\000p\000e\000c\000i\000f\000i\000c\000\040\000A\000s\000s\000i\000g\000n\000m\000e\000n\000t\000s}{chapter.13}% 123
\BOOKMARK [1][-]{section.13.4}{\376\377\000M\000u\000s\000t\000\040\000R\000e\000a\000d}{chapter.13}% 124
\BOOKMARK [0][-]{chapter.14}{\376\377\000R\000o\000b\000e\000r\000t\000\040\000H\000o\000p\000c\000k\000e\000,\000\040\000M\000D}{part.3}% 125
\BOOKMARK [1][-]{section.14.1}{\376\377\000Y\000o\000u\000r\000\040\000B\000i\000o\000g\000r\000a\000p\000h\000y}{chapter.14}% 126
\BOOKMARK [1][-]{section.14.2}{\376\377\000G\000a\000m\000e\000\040\000O\000b\000j\000e\000c\000t\000i\000v\000e\000s}{chapter.14}% 127
\BOOKMARK [1][-]{section.14.3}{\376\377\000M\000u\000s\000t\000\040\000R\000e\000a\000d}{chapter.14}% 128
\BOOKMARK [0][-]{chapter.15}{\376\377\000H\000a\000r\000l\000o\000d\000\040\000L\000e\000i\000f\000,\000\040\000M\000D}{part.3}% 129
\BOOKMARK [1][-]{section.15.1}{\376\377\000Y\000o\000u\000r\000\040\000B\000i\000o\000g\000r\000a\000p\000h\000y}{chapter.15}% 130
\BOOKMARK [1][-]{section.15.2}{\376\377\000G\000a\000m\000e\000\040\000O\000b\000j\000e\000c\000t\000i\000v\000e\000s}{chapter.15}% 131
\BOOKMARK [1][-]{section.15.3}{\376\377\000S\000p\000e\000c\000i\000f\000i\000c\000\040\000A\000s\000s\000i\000g\000n\000m\000e\000n\000t\000s}{chapter.15}% 132
\BOOKMARK [1][-]{section.15.4}{\376\377\000M\000u\000s\000t\000\040\000R\000e\000a\000d}{chapter.15}% 133
\BOOKMARK [0][-]{chapter.16}{\376\377\000C\000h\000a\000r\000l\000e\000s\000\040\000S\000o\000c\000a\000r\000i\000d\000e\000s\000,\000\040\000M\000D}{part.3}% 134
\BOOKMARK [1][-]{section.16.1}{\376\377\000Y\000o\000u\000r\000\040\000B\000i\000o\000g\000r\000a\000p\000h\000y}{chapter.16}% 135
\BOOKMARK [1][-]{section.16.2}{\376\377\000Y\000o\000u\000r\000\040\000V\000i\000e\000w}{chapter.16}% 136
\BOOKMARK [1][-]{section.16.3}{\376\377\000G\000a\000m\000e\000\040\000O\000b\000j\000e\000c\000t\000i\000v\000e\000s}{chapter.16}% 137
\BOOKMARK [1][-]{section.16.4}{\376\377\000M\000u\000s\000t\000\040\000R\000e\000a\000d}{chapter.16}% 138
\BOOKMARK [0][-]{chapter.17}{\376\377\000I\000r\000v\000i\000n\000g\000\040\000B\000i\000e\000b\000e\000r\000,\000\040\000M\000D}{part.3}% 139
\BOOKMARK [1][-]{section.17.1}{\376\377\000Y\000o\000u\000r\000\040\000B\000i\000o\000g\000r\000a\000p\000h\000y}{chapter.17}% 140
\BOOKMARK [1][-]{section.17.2}{\376\377\000Y\000o\000u\000r\000\040\000V\000i\000e\000w}{chapter.17}% 141
\BOOKMARK [1][-]{section.17.3}{\376\377\000G\000a\000m\000e\000\040\000O\000b\000j\000e\000c\000t\000i\000v\000e\000s}{chapter.17}% 142
\BOOKMARK [1][-]{section.17.4}{\376\377\000S\000p\000e\000c\000i\000f\000i\000c\000\040\000A\000s\000s\000i\000g\000n\000m\000e\000n\000t\000s}{chapter.17}% 143
\BOOKMARK [1][-]{section.17.5}{\376\377\000M\000u\000s\000t\000\040\000R\000e\000a\000d}{chapter.17}% 144
\BOOKMARK [0][-]{chapter.18}{\376\377\000J\000u\000d\000d\000\040\000M\000a\000r\000m\000o\000r\000,\000\040\000M\000D}{part.3}% 145
\BOOKMARK [1][-]{section.18.1}{\376\377\000Y\000o\000u\000r\000\040\000B\000i\000o\000g\000r\000a\000p\000h\000y}{chapter.18}% 146
\BOOKMARK [1][-]{section.18.2}{\376\377\000G\000a\000m\000e\000\040\000O\000b\000j\000e\000c\000t\000i\000v\000e\000s}{chapter.18}% 147
\BOOKMARK [1][-]{section.18.3}{\376\377\000S\000p\000e\000c\000i\000f\000i\000c\000\040\000a\000s\000s\000i\000g\000n\000m\000e\000n\000t\000s}{chapter.18}% 148
\BOOKMARK [1][-]{section.18.4}{\376\377\000M\000u\000s\000t\000\040\000R\000e\000a\000d}{chapter.18}% 149
\BOOKMARK [0][-]{chapter.19}{\376\377\000P\000a\000u\000l\000\040\000G\000e\000b\000h\000a\000r\000d\000,\000\040\000P\000h\000D}{part.3}% 150
\BOOKMARK [1][-]{section.19.1}{\376\377\000Y\000o\000u\000r\000\040\000B\000i\000o\000g\000r\000a\000p\000h\000y}{chapter.19}% 151
\BOOKMARK [1][-]{section.19.2}{\376\377\000G\000a\000m\000e\000\040\000O\000b\000j\000e\000c\000t\000i\000v\000e\000s}{chapter.19}% 152
\BOOKMARK [1][-]{section.19.3}{\376\377\000S\000p\000e\000c\000i\000f\000i\000c\000\040\000A\000s\000s\000i\000g\000n\000m\000e\000n\000t\000s}{chapter.19}% 153
\BOOKMARK [1][-]{section.19.4}{\376\377\000M\000u\000s\000t\000\040\000R\000e\000a\000d}{chapter.19}% 154
\BOOKMARK [0][-]{chapter.20}{\376\377\000J\000o\000h\000n\000\040\000S\000p\000i\000e\000g\000e\000l\000,\000\040\000M\000D}{part.3}% 155
\BOOKMARK [1][-]{section.20.1}{\376\377\000Y\000o\000u\000r\000\040\000B\000i\000o\000g\000r\000a\000p\000h\000y}{chapter.20}% 156
\BOOKMARK [1][-]{section.20.2}{\376\377\000O\000b\000j\000e\000c\000t\000i\000v\000e\000s}{chapter.20}% 157
\BOOKMARK [1][-]{section.20.3}{\376\377\000S\000p\000e\000c\000i\000f\000i\000c\000\040\000A\000s\000s\000i\000g\000n\000m\000e\000n\000t\000s}{chapter.20}% 158
\BOOKMARK [1][-]{section.20.4}{\376\377\000M\000u\000s\000t\000\040\000R\000e\000a\000d}{chapter.20}% 159
\BOOKMARK [0][-]{chapter.21}{\376\377\000B\000e\000h\000a\000v\000i\000o\000r\000i\000s\000t\000\040\000O\000v\000e\000r\000v\000i\000e\000w}{part.3}% 160
\BOOKMARK [0][-]{chapter.22}{\376\377\000A\000l\000b\000e\000r\000t\000\040\000B\000a\000n\000d\000u\000r\000a\000,\000\040\000P\000h\000D}{part.3}% 161
\BOOKMARK [1][-]{section.22.1}{\376\377\000Y\000o\000u\000r\000\040\000B\000i\000o\000g\000r\000a\000p\000h\000y}{chapter.22}% 162
\BOOKMARK [1][-]{section.22.2}{\376\377\000G\000a\000m\000e\000\040\000O\000b\000j\000e\000c\000t\000i\000v\000e\000s}{chapter.22}% 163
\BOOKMARK [1][-]{section.22.3}{\376\377\000S\000p\000e\000c\000i\000f\000i\000c\000\040\000A\000s\000s\000i\000g\000n\000m\000e\000n\000t\000s}{chapter.22}% 164
\BOOKMARK [1][-]{section.22.4}{\376\377\000M\000u\000s\000t\000\040\000R\000e\000a\000d}{chapter.22}% 165
\BOOKMARK [0][-]{chapter.23}{\376\377\000H\000a\000r\000r\000y\000\040\000H\000a\000r\000l\000o\000w\000,\000\040\000P\000h\000D}{part.3}% 166
\BOOKMARK [1][-]{section.23.1}{\376\377\000Y\000o\000u\000r\000\040\000B\000i\000o\000g\000r\000a\000p\000h\000y}{chapter.23}% 167
\BOOKMARK [1][-]{section.23.2}{\376\377\000G\000a\000m\000e\000\040\000O\000b\000j\000e\000c\000t\000i\000v\000e\000s}{chapter.23}% 168
\BOOKMARK [1][-]{section.23.3}{\376\377\000M\000u\000s\000t\000\040\000R\000e\000a\000d}{chapter.23}% 169
\BOOKMARK [0][-]{chapter.24}{\376\377\000E\000v\000e\000l\000y\000n\000\040\000H\000o\000o\000k\000e\000r\000,\000\040\000P\000h\000D}{part.3}% 170
\BOOKMARK [1][-]{section.24.1}{\376\377\000Y\000o\000u\000r\000\040\000B\000i\000o\000g\000r\000a\000p\000h\000y}{chapter.24}% 171
\BOOKMARK [1][-]{section.24.2}{\376\377\000G\000a\000m\000e\000\040\000O\000b\000j\000e\000c\000t\000i\000v\000e\000s}{chapter.24}% 172
\BOOKMARK [1][-]{section.24.3}{\376\377\000M\000u\000s\000t\000\040\000R\000e\000a\000d}{chapter.24}% 173
\BOOKMARK [0][-]{chapter.25}{\376\377\000C\000o\000g\000n\000i\000t\000i\000v\000i\000s\000t\000\040\000O\000v\000e\000r\000v\000i\000e\000w}{part.3}% 174
\BOOKMARK [0][-]{chapter.26}{\376\377\000N\000o\000a\000m\000\040\000C\000h\000o\000m\000s\000k\000y\000,\000\040\000P\000h\000D}{part.3}% 175
\BOOKMARK [1][-]{section.26.1}{\376\377\000Y\000o\000u\000r\000\040\000B\000i\000o\000g\000r\000a\000p\000h\000y}{chapter.26}% 176
\BOOKMARK [1][-]{section.26.2}{\376\377\000M\000u\000s\000t\000\040\000R\000e\000a\000d}{chapter.26}% 177
\BOOKMARK [0][-]{chapter.27}{\376\377\000D\000a\000v\000i\000d\000\040\000M\000a\000r\000r\000,\000\040\000G\000r\000a\000d\000u\000a\000t\000e\000\040\000S\000t\000u\000d\000e\000n\000t}{part.3}% 178
\BOOKMARK [1][-]{section.27.1}{\376\377\000Y\000o\000u\000r\000\040\000B\000i\000o\000g\000r\000a\000p\000h\000y}{chapter.27}% 179
\BOOKMARK [1][-]{section.27.2}{\376\377\000G\000a\000m\000e\000\040\000O\000b\000j\000e\000c\000t\000i\000v\000e\000s}{chapter.27}% 180
\BOOKMARK [1][-]{section.27.3}{\376\377\000M\000u\000s\000t\000\040\000R\000e\000a\000d}{chapter.27}% 181
\BOOKMARK [0][-]{chapter.28}{\376\377\000G\000e\000o\000r\000g\000e\000\040\000M\000i\000l\000l\000e\000r\000,\000\040\000P\000h\000D}{part.3}% 182
\BOOKMARK [1][-]{section.28.1}{\376\377\000Y\000o\000u\000r\000\040\000B\000i\000o\000g\000r\000a\000p\000h\000y}{chapter.28}% 183
\BOOKMARK [1][-]{section.28.2}{\376\377\000G\000a\000m\000e\000\040\000O\000b\000j\000e\000c\000t\000i\000v\000e\000s}{chapter.28}% 184
\BOOKMARK [1][-]{section.28.3}{\376\377\000G\000a\000m\000e\000\040\000S\000t\000r\000a\000t\000e\000g\000y}{chapter.28}% 185
\BOOKMARK [1][-]{section.28.4}{\376\377\000S\000p\000e\000c\000i\000f\000i\000c\000\040\000A\000s\000s\000i\000g\000n\000m\000e\000n\000t\000s}{chapter.28}% 186
